Case #22 : post brownout,urgent,pasadeã±a poblacion | POST Brownout,urgent,PASADEÃ‘A POBLACION
Case #25 : piot brownout,not urgent,anis salomague | POST Brownout,not urgent,ANIS SALOMAGUE
Case #27 : post orani,urgent,poblacion west dansal | POST Rain,urgent,POBLACION WEST DANSAL
Case #29 : piot relief,not urgent,camambugan sinandigan | POST Relief,not urgent,CAMAMBUGAN SINANDIGAN
Case #33 : post orani,urgent,buhay na tubig bauyan | POST Rain,urgent,BUHAY NA TUBIG BAUAN
Case #34 : piot rain,not urgent,dumabel guindapunan east | POST Rain,not urgent,DUMABEL GUINDAPUNAN EAST
Case #38 : post fe,not urgent,mat-i malitbog | POST Fire,not urgent,MAT-I MALITBOG
Case #39 : post health,not urgent,poblacion b biri sur | POST Health,not urgent,POBLACION BIRI SUR
Case #41 : post acli,deet,not urgent sabang,cordon | POST Accident,not urgent,SABANG CORDON
Case #46 : post landslide,not urgent,antongalon santo niã±o | POST Landslide,not urgent,ANTONGALON SANTO NIÃ‘O
Case #53 : post brownout,urgent,santo niã±o mangandingay | POST Brownout,urgent,SANTO NIÃ‘O MANGANDINGAY
Case #58 : post dauin,not urgent,barangay 717 pag-asa | POST Rain,not urgent,BARANGAY 717 PAG-ASA
Case #73 : post fe,loo,not urgent tinongtongan,josefina | POST Flood,not urgent,TINONGTONGAN JOSEFINA
Case #74 : post brownout,ura,san pablo 1st lusain | POST Brownout,urgent,SAN PABLO 1ST LUSAIN
Case #77 : piot relief,urgent,homestead i new lucban | POST Relief,urgent,HOMESTEAD I NEW LUCBAN
Case #81 : piot earthquake,urgent,patag poblacion | POST Earthquake,urgent,PATAG POBLACION
Case #85 : post evacuate,lemon,pacuhan | POST Evac,urgent,LEMON PACUHAN
Case #90 : post bridge,not urgent,cabunga-an villa,corenjo | POST Bridge,not urgent,CABUNGA-AN VILLA CORNEJO
Case #91 : piot fire,not urgent,poblacion 14 barangay 482 | POST Fire,not urgent,POBLACION 14 BARANGAY 482
Case #94 : post faire,not urgent,quiniput linggangao | POST Fire,not urgent,QUINIPUT LINGGANGAO
Case #106 : post san vicente poblacion,libi,rain | POST Evac,urgent,POBLACION II BIRI
Case #112 : pest landslide,not urgent,libas balite | POST Landslide,not urgent,LIBAS BALITE
Case #113 : post not urgent,agmailig,gemat-y | POST Evac,not urgent,AGMAILIG GEMAT-Y
Case #117 : post rescue,not urgent,santa elecia,guadalupe | POST Rescue,not urgent,SANTA LUCIA GUADALUPE
Case #119 : post wind,ura,tentay tamban,i buyasyas | POST Wind,urgent,TAYAMBANI BUYASYAS
Case #121 : post not urgent,barangay iv,san pedro island | POST Evac,not urgent,BARANGAY IV SAN PEDRO ISLAND
Case #123 : post brgy,not urgent,gã±aran sinunoc | POST Brgy,not urgent,GÃ‘ARAN SINUNOC
Case #124 : post not urgent,camanggaan,liang | POST Evac,not urgent,CAMANGGAAN LIANG
Case #125 : porot rain,not urgent,dupitac dagbasan | POST Rain,not urgent,DUPITAC DAGBASAN
Case #130 : piot brgy,urgent,calumpang salaysay | POST Brgy,urgent,CALUMPANG SALAYSAY
Case #131 : post vega,not urgent,bacawan north poblacion | POST Evac,not urgent,BACAWAN NORTH POBLACION
Case #140 : piot elcano,not urgent,situbo poblacion market | POST Evac,not urgent,SITUBO POBLACION MARKET
Case #141 : boot health,not urgent,uson picalilangan | POST Health,not urgent,USON PICALILANGAN
Case #144 : post flood,urgent,bara dangay,1cantao-an | POST Flood,urgent,BARANGAY  1 CANTAO-AN
Case #149 : post not urgent,badiang,balogo | POST Evac,not urgent,BADIANG BALOGO
Case #152 : post vega,not urgent,cabagã±an alannay | POST Evac,not urgent,CABAGÃ‘AN ALANNAY
Case #155 : post brownout,not urgent,poblacion dist. iii igdurarog | POST Brownout,not urgent,POBLACION DIST. II IGDURAROG
Case #157 : post evacuate,natba,taytay | POST Evac,urgent,BAYE TAYTAY
Case #160 : piot evacuate,not agtabo,villa nogales | POST Evac,urgent,AGTABO VILLA NOGALES
Case #162 : post relief,not urgent,entablado gairan | POST Relief,not urgent,ENTABLADO BAIRAN
Case #168 : post earthquake,urgent,santo niã±o clarin settlement | POST Earthquake,urgent,SANTO NIÃ‘O CLARIN SETTLEMENT
Case #173 : post not urgent,magpanambo,bagalupa | POST Evac,not urgent,MAGPANAMBO BAGALUPA
Case #183 : post wind,urgent,batu oyan,cambinoy | POST Wind,urgent,BATUAN CAMBINOY
Case #184 : post ronda,urgent,imelda santa lucia | POST Road,urgent,IMELDA SANTA LUCIA
Case #204 : post bridge,not urgent,santa san rafael sur | POST Bridge,not urgent,SANTA INES SAN RAFAEL SUR
Case #208 : post not urgent,santa anastacia,san isidro | POST Evac,not urgent,SANTA ANASTACIA SAN ISIDRO
Case #209 : post rescue,urgent,old sagay datu,tmabara | POST Rescue,urgent,OLD SAGAY DATU TAMBARA
Case #210 : post not urgent,casasahan ibaba,san antonio | POST Evac,not urgent,CASASAHAN IBABA SAN ANTONIO
Case #227 : post road,urgent,barangay  2 milad | POST Road,urgent,BARANGAY  2 MALAD
Case #232 : piot rescue,urgent,canarem lindongan | POST Rescue,urgent,CANAREM LINDONGAN
Case #234 : pasi i earthquake,urgent,saba leon,lictin | POST Earthquake,urgent,SABAKEN LICTIN
Case #235 : post flood,urgent,aguada alip,anvgpang | POST Flood,urgent,AGUADA ALIPANGPANG
Case #241 : post not urgent,la paz,kulasian | POST Evac,not urgent,LA PAZ CULASIAN
Case #242 : post rain,not urgent,cantuba rang-ay,1 | POST Rain,not urgent,NATU BARANGAY  1
Case #244 : mostro urgent,santa cruz,san isidro | POST Road,urgent,SANTA CRUZ SAN ISIDRO
Case #246 : post earthquake,ueg,intusan villa laida | POST Earthquake,urgent,UTANAN VILLA LAIDA
Case #251 : post uacon,not urgent,datalbukay macalunod | POST Evac,not urgent,DATALBUKAY MACALUNOD
Case #262 : pest rescue,urgent,laguan san joaquin | POST Rescue,urgent,LAGUAN SAN JOAQUIN
Case #273 : post fire,not urgent,villa pantinople | POST Fire,not urgent,UPO VILLA PANTINOPLE
Case #279 : post earthquake,not urgent,poblacion kaha,ygaan | POST Earthquake,not urgent,POBLACION KAHAYAGAN
Case #280 : post heat,urgent,yuson batuli | POST Health,urgent,AYSON BATULI
Case #285 : post arac,not urgent,sulangon santa monica | POST Evac,not urgent,SULANGON SANTA MONICA
Case #288 : post bridge,not urgent,moroboro sapngan | POST Bridge,not urgent,MOROBORO SANGAT
Case #299 : post vega,urgent,canhumawid tible | POST Evac,urgent,CANHUMAWID TUBLE
Case #305 : post evacuate,nusa,cawacagan | POST Evac,urgent,SAYON CAWACAGAN
Case #308 : post aring,urgent,hita-asan i salcedo | POST Rain,urgent,HITA-ASAN I SALCEDO
Case #309 : pasta accident,urgent,san pedro malabing | POST Accident,urgent,SAN PEDRO MALABING
Case #313 : post glan,dalid,urgent buhay na tubig,sabang pinamasagan | POST Landslide,urgent,BUHAY NA TUBIG SABANG PINAMASAGAN
Case #314 : post brgy,urgent,sapa pequeã±a gen. luna | POST Brgy,urgent,SAPA PEQUEÃ‘A GEN. LUNA
Case #317 : post brownout,not urgent,san jose cawa-cawa,palaad | POST Brownout,not urgent,SAN JOSE CAWA-CAWA PALAAD
Case #320 : post relief,urgent,libucon dilabayan | POST Relief,urgent,LIBUTON DILABAYAN
Case #322 : post flood,not urgent,santo niã±o rizal | POST Flood,not urgent,SANTO NIÃ‘O RIZAL
Case #326 : piot rescue,urgent,balatican odiong | POST Rescue,urgent,BALATICAN ODIONG
Case #328 : apo subay,urgent,panungyan ii poblacion xi | POST Brgy,urgent,PANUNGYAN II POBLACION XI
Case #333 : post flood,not urgent,poblacion b lacag | POST Flood,not urgent,POBLACION BACAG
Case #334 : post health,urgent,silawe osorio,sii | POST Health,urgent,SILAWE OSORIO II
Case #338 : post orani,urgent,caitib santa cruz-santo niã±o | POST Rain,urgent,CAITIB SANTA CRUZ-SANTO NIÃ‘O
Case #339 : post mac,pide,not urgent calaghusan,ebro | POST Accident,urgent,CALAGHUSAN EBRO
Case #341 : post health,not urgent,culao sili,ong | POST Health,not urgent,CULASI LIONG
Case #353 : post relief,not urgent,poblacion b ben-agan | POST Relief,not urgent,POBLACION BEN-AGAN
Case #362 : post wind,not ueg,intusan ibid,ro gubaan | POST Wind,not urgent,SAN ISIDRO GUBAAN
Case #365 : post rain,not urgent,cathedral falls oy,cti | POST Rain,not urgent,CATHEDRAL FALLS YOCTI
Case #369 : pest fire,urgent,maypulot lutao | POST Fire,urgent,MAYPULOT LUTAO
Case #373 : post wind,not urgent,caba new san agustin | POST Wind,not urgent,CABARIWAN SAN AGUSTIN
Case #377 : post brgy,urgent,lepaga san antoni,c ogbon | POST Brgy,urgent,LEPAGA SAN ANTONIO OGBON
Case #379 : post health,urgent,san jose guma,alng | POST Health,urgent,SAN JOSE GUMALANG
Case #386 : post flood,urgent,tambak maria,no espelleta iii | POST Flood,urgent,TAMBAK MARIANO ESPELETA III
Case #387 : post wind,not urgent,mona mona,ur port holladn zone iii pob. | POST Wind,not urgent,MONAMON SUR PORT HOLLAND ZONE III POB.
Case #390 : post wind,urgent,aflek pata,bgo | POST Wind,urgent,AFLEK PATABOG
Case #396 : post evacuate,calabidongan,lumbaca-ingud | POST Evac,urgent,CALABIDONGAN LUMBACA-INGUD
Case #402 : apo flood,not urgent,malibago bolosan | POST Flood,not urgent,MALIBAGO BOLOSAN
Case #414 : post evacuate,new asturias,poblacion vii | POST Evac,urgent,ASTURIAS POBLACION VII
Case #419 : mostro not urgent,santiago,reyna regente | POST Rescue,not urgent,SANTIAGO REYNA REGENTE
Case #423 : post tacup,urgent,dacudao babo pangulo | POST Evac,urgent,DACUDAO BABO PANGULO
Case #424 : post heat,not urgent,barangay 284 sirao | POST Health,not urgent,BARANGAY 284 SIRAO
Case #428 : post brgy,urgent,bayao bubon,gradapan | POST Brgy,urgent,BAYAO BUBONG RADAPAN
Case #435 : post brgy,urgent,utanan pila | POST Brgy,urgent,UTANAN PILAR
Case #440 : post flood,urgent,santo niã±o siare | POST Flood,urgent,SANTO NIÃ‘O SIARE
Case #448 : post cueva,urgent,madaymen kaytambog | POST Evac,urgent,MADAYMEN KAYTAMBOG
Case #452 : post orani,urgent,limulan manibaug pasig | POST Rain,urgent,LIMULAN MANIBAUG PASIG
Case #456 : post vega,not urgent,paraiso kauran | POST Evac,not urgent,PARAISO KAURAN
Case #457 : post wind,urgent,bolos utod | POST Wind,urgent,BOLO SUGOD
Case #458 : post siain,urgent,halayhayin malakaban | POST Rain,urgent,HALAYHAYIN MALAKABAN
Case #459 : post not urgent,sampaloc iv,barangay 629 | POST Evac,not urgent,SAMPALOC IV BARANGAY 629
Case #461 : post aring,urgent,kulaman gaid | POST Rain,urgent,KULAMAN GAID
Case #462 : post ronda,urgent,aloguinsan sibulan | POST Road,urgent,ALOGUINSAN SIBULAN
Case #463 : post riang,not urgent,habagatan santo niã±o | POST Rain,not urgent,HABAGATAN SANTO NIÃ‘O
Case #464 : post elcano,not urgent,san jose maot | POST Evac,not urgent,SAN JOSE MAOT
Case #473 : post relief,not urgent,pamplona uno lower usugan | POST Relief,not urgent,PAMPLONA UNO LOWER USOGAN
Case #474 : post fire,urgent,daligan gui,knobatan | POST Fire,urgent,DALIGAN GUINOBATAN
Case #480 : post not urgent,teneclan,santo cristo | POST Evac,not urgent,TENECLAN SANTO CRISTO
Case #486 : post not urgent,estrella,arakan | POST Evac,not urgent,ESTRELLA ARAKAN
Case #488 : post ora,urgent,danlugan subusob | POST Road,urgent,DANLUGAN SUBUSOB
Case #489 : ponot earthquake,not urgent,poblacion b alog,o | POST Earthquake,not urgent,POBLACION BALOGO
Case #491 : post health,urgent,romagondong santo niã±o | POST Health,urgent,ROMAGONDONG SANTO NIÃ‘O
Case #492 : post accident,urgent,barangbang mone,tla | POST Accident,urgent,BARANGBANG MONTELA
Case #499 : post bridge,urgent,uso barangay  65 | POST Bridge,urgent,SUYO BARANGAY  65
Case #502 : post relief,urgent,talus sangay,west poblacion | POST Relief,urgent,TALUKSANGAY WEST POBLACION
Case #505 : post health,urgent,palang ueg,2&  3 concepcion | POST Health,urgent,PALANGUE 2 & 3 CONCEPCION
Case #507 : post fe,eli,not urgent magkarila,kanitoan | POST Relief,not urgent,MAGKARILA KANITOAN
Case #509 : post elcano,not urgent,old kibawe cato-ogan | POST Evac,not urgent,OLD KIBAWE CATO-OGAN
Case #522 : post fire,not urgent,sibuto magsaysay | POST Fire,not urgent,LIBUTON MAGSAYSAY
Case #523 : mostro not urgent,kasapa ii,bulan | POST Road,not urgent,KASAPA II BULAN
Case #526 : post brownout,urgent,san jose cawa-cawa,mahayag | POST Brownout,urgent,SAN JOSE CAWA-CAWA MAHAYAG
Case #533 : post rescue,not urgent,baka central barangay,96 | POST Rescue,not urgent,BAKAKENG CENTRAL BARANGAY  96
Case #538 : post fe,ogod,urgent silangang calutan,de carabao | POST Flood,urgent,SILANGANG CALUTAN DE CARABAO
Case #542 : post eman,not urgent,hamod tanza | POST Evac,not urgent,HAMOD TANZA
Case #548 : post relief,urgent,luuk tara,libertad | POST Relief,urgent,LUUK TARA LIBERTAD
Case #553 : post evacuate,poblacion zone  3,tagpopongan | POST Evac,urgent,POBLACION ZONE  3 TAGPOPONGAN
Case #554 : post evacuate,sermon,lamut | POST Evac,urgent,SERMON LAMUT
Case #555 : post brownout,urgent,santo niã±o fatima | POST Brownout,urgent,SANTO NIÃ‘O FATIMA
Case #566 : post bridge,not urgent,barangay barangay 27-c | POST Bridge,not urgent,BARANGAY 314 BARANGAY 27-C
Case #575 : fort rescue,not urgent,comaang marabutuan | POST Rescue,not urgent,COMAANG MARABUTUAN
Case #578 : post landslide,urgent,lower santo niã±o getulio | POST Landslide,urgent,LOWER SANTO NIÃ‘O GETULIO
Case #584 : pest wind,urgent,laguinbanua calapi | POST Wind,urgent,LAGUINBANUA CALAPI
Case #586 : post brgy,urgent,awang dangcalan | POST Brgy,urgent,AYONG DANGCALAN
Case #587 : post siain,urgent,ilaya 1st burgos | POST Rain,urgent,ILAYA 1ST BURGOS
Case #591 : post rain,urgent,osmeã±a andulauan | POST Rain,urgent,OSMEÃ‘A ANDULAUAN
Case #599 : post rain,not urgent,santo niã±o ii rizal | POST Rain,not urgent,SANTO NIÃ‘O II RIZAL
Case #607 : post flood,urgent,piglisan gibon | POST Flood,urgent,PIGLISAN GOIN
Case #609 : pest health,urgent,bagatayam san jose | POST Health,urgent,BAGATAYAM SAN JOSE
Case #611 : post dine,urgent,calubian catmon | POST Fire,urgent,CALUBIAN CATMON
Case #614 : post health,urgent,gui layo,pagalamatan | POST Health,urgent,GUILAYON PAGALAMATAN
Case #615 : post earthquake,urgent,naga paranas,ixto vele | POST Earthquake,urgent,NAGAPARAN SIXTO VELE
Case #616 : post rain,urgent,mambiranan pequeã±o daldagan | POST Rain,urgent,MAMBIRANAN PEQUEÃ‘O DALDAGAN
Case #619 : pest brgy,not urgent,bobongan barangay e | POST Brgy,not urgent,BOBONGAN BARANGAY E
Case #621 : boot health,not urgent,pogomboa san rafael | POST Health,not urgent,POGOMBOA SAN RAFAEL
Case #627 : post rain,urgent,sambulawan alucao | POST Rain,urgent,SAMBULAWAN LUCA
Case #631 : post rescue,urgent,tubas san vicente | POST Rescue,urgent,TUBA SAN VICENTE
Case #634 : post not urgent,poblacion,aguinaldo | POST Evac,not urgent,POBLACION AGUINALDO
Case #635 : post road,not urgent,peã±afrancia mac,ailbre | POST Road,not urgent,PEÃ‘AFRANCIA MACALIBRE
Case #640 : post elcano,not urgent,san manuel malaguit | POST Evac,not urgent,SAN MANUEL MALAGUIT
Case #644 : post rain,urgent,malubi santa,teersa | POST Rain,urgent,MALUID SANTA TERESA
Case #649 : post meta,not urgent,kilkiling indangan | POST Evac,not urgent,KILKILING INDANGAN
Case #653 : post health,not urgent,capsay mariana | POST Health,not urgent,CAPAS MARIANA
Case #661 : post evacuate,poblacion ii,francia | POST Evac,urgent,POBLACION II FRANCIA
Case #664 : post earthquake,urgent,linao san miguel | POST Earthquake,urgent,BANAO SAN MIGUEL
Case #665 : post rescue,urgent,puypuy doã±a flavia | POST Rescue,urgent,PUYPUY DOÃ‘A FLAVIA
Case #667 : pest flood,urgent,inalad caridad | POST Flood,urgent,INALAD CARIDAD
Case #672 : post evacuate,nena,bao san roque | POST Evac,urgent,NABAO SAN ROQUE
Case #673 : post wind,not urgent,imamaling ino | POST Wind,not urgent,IBA MALINGIN
Case #675 : post not urgent,poblacion ii,magsaysay | POST Evac,not urgent,POBLACION II MAGSAYSAY
Case #678 : piot rescue,not urgent,san nicolas san jose balatok | POST Rescue,not urgent,SAN NICOLAS SAN JOSE BALATOK
Case #679 : post brgy,not urgent,montaã±a barangay 143 | POST Brgy,not urgent,MONTAÃ‘A BARANGAY 143
Case #682 : post health,urgent,santo niã±o bgy. no. 32- | POST Health,urgent,SANTO NIÃ‘O BGY. NO. 32-
Case #702 : post not urgent,cabaruan,san pablo | POST Evac,not urgent,CABARUAN SAN PABLO
Case #707 : post rain,urgent,feliciano tula,eyan island | POST Rain,urgent,FELICIANO TULAYAN ISLAND
Case #708 : post faire,not urgent,buli kibongbong | POST Fire,not urgent,BULI KIBONGBONG
Case #709 : post escaler,tee,tumanan barangay 856 | POST Evac,urgent,MANANGLE BARANGAY 856
Case #714 : post not urgent,ilian poblacion,singko | POST Evac,not urgent,ILIAN POBLACION SINGKO
Case #722 : post accident,urgent,datu anggal midtimbang tubang | POST Accident,urgent,DATU ANGGAL MIDTIMBANG UBANG
Case #724 : post accident,not not urgent,barangay 587-a bitadton sur | POST Accident,not urgent,BARANGAY 587-A BITADTON SUR
Case #726 : post not urgent,calambua,banaba | POST Evac,not urgent,CALAMBUA BANABA
Case #732 : post not urgent,nicolas agatep,barangay  20 | POST Evac,not urgent,NICOLAS AGATEP BARANGAY  20
Case #735 : post ula,urgent,santa juana san francisco | POST Evac,urgent,SANTA JUANA SAN FRANCISCO
Case #736 : root rescue,urgent,canito-an san mariano | POST Rescue,urgent,CANITO-AN SAN MARIANO
Case #739 : potot health,not urgent,tinintinan matindeg | POST Health,not urgent,TININTINAN MATINDEG
Case #741 : post brownout,ura,de la peã±a poblacion i | POST Brownout,urgent,DE LA PEÃ‘A POBLACION I
Case #742 : post health,not urgent,nalbu luma,nin | POST Health,not urgent,NALBU LUCANIN
Case #744 : post not urgent,san isidro,barangay 13 | POST Evac,not urgent,SAN ISIDRO BARANGAY 13
Case #745 : post health,not urgent,janagdong centro  1 | POST Health,not urgent,JANAGDONG CENTRO   1
Case #747 : post not urgent,barangay 287,balong-bato | POST Evac,not urgent,BARANGAY 287 BALONG-BATO
Case #753 : post evacuate,mabuhay i,irisan | POST Evac,urgent,MABUHAY IRISAN
Case #754 : post rescue,urgent,sabtang sinabacan | POST Rescue,urgent,SABANG SINABACAN
Case #766 : post relief,not urgent,inangatan muã±oz west | POST Relief,not urgent,INANGATAN MUÃ‘OZ WEST
Case #770 : piot health,not urgent,dimasari baluno | POST Health,not urgent,DIMASARI BALUNO
Case #771 : post earthquake,not urgent,barangay 26 barangka,iladya | POST Earthquake,not urgent,BARANGAY 26 BARANGKA ILAYA
Case #773 : post not urgent,deporehan,barangay  28 | POST Evac,not urgent,DEPOREHAN BARANGAY  28
Case #779 : post wind,urgent,santa cruz pago,gobngan | POST Wind,urgent,SANTA CRUZ CAGOGOBNGAN
Case #791 : post evacuate,atbu,gomtago | POST Evac,urgent,BUCO GOMTAGO
Case #801 : post earthquake,not urgent,aplaya francia | POST Earthquake,not urgent,PAPAYA FRANCIA
Case #806 : post accident,urgent,bao laaw,edicayas | POST Accident,urgent,BALOCAWE DICAYAS
Case #808 : post tua,urgent,barangay  43-a lip-ac | POST Evac,urgent,BARANGAY  43-A LIP-AC
Case #822 : post landslide,not urgent,santa catalina santa,r osa | POST Landslide,not urgent,SANTA CATALINA SANTA ROSA
Case #826 : post relief,not urgent,bagasbas ala,ngihlan | POST Relief,not urgent,BAGASBAS ALANGILAN
Case #828 : post bridge,urgent,gas kiput,ol | POST Bridge,urgent,GAHIT PUTOL
Case #835 : post health,not urgent,barangay 759 barang,hy 298 | POST Health,not urgent,BARANGAY 759 BARANGAY 298
Case #851 : post brgy,urgent,dipalusan apo,lobg | POST Brgy,urgent,DIPALUSAN APOLONG
Case #861 : post brownout,not urgent,amlao alulod | POST Brownout,not urgent,AMALOY ALULOD
Case #868 : ponso flood,urgent,bubong santa lucia paguiba | POST Flood,urgent,BUBONG SANTA LUCIA PAGUIBA
Case #873 : post vega,urgent,caupasan bangon | POST Evac,urgent,CAUPASAN BANGON
Case #874 : pest flood,urgent,bacayao norte santol,niï¿½ï¿½o | POST Flood,urgent,BACAYAO NORTE SANTO NIÃ‘O
Case #875 : post health,urgent,buao buso,tubig indangan | POST Health,urgent,BUSO-BUSO TUBIG INDANGAN
Case #884 : post faire,not urgent,maruwa mahayahay | POST Fire,not urgent,MARUWA MAHAYAHAY
Case #894 : post rescue,urgent,consuelo barang,ya  86 | POST Rescue,urgent,CONSUELO BARANGAY  86
Case #897 : post rescue,urgent,santa maria magdalena,balintocatoc | POST Rescue,urgent,SANTA MARIA MAGDALENA BALINTOCATOC
Case #909 : piot bridge,not urgent,ba-ug poctoy | POST Bridge,not urgent,BA-UG POCTOY
Case #914 : post evacuate,cabatang,macasilao | POST Evac,urgent,CABATANG MACASILAO
Case #915 : post evacuate,tugbungan,lawis | POST Evac,urgent,TUGBUNGAN LAWIS
Case #917 : post aring,not urgent,mansilano tupsan | POST Rain,not urgent,MANSILANO TUPSAN
Case #920 : pest road,ura,west poblacion iba,biyoy | POST Road,urgent,POBLACION I-A BIYOY
Case #923 : pocto brownout,urgent,barangay ii sinai | POST Brownout,urgent,BARANGAY II SINAI
Case #925 : post health,not urgent,cavite bgy. 20 - cabagã±an east | POST Health,not urgent,CAVITE BGY. 20 - CABAGÃ‘AN EAST
Case #930 : post evacuate,poctoy,causwagan | POST Evac,urgent,POCTOY CAUSWAGAN
Case #935 : post evacuate,atsan,vacante maguling | POST Evac,urgent,SAN VICENTE MAGULING
Case #937 : post vega,not urgent,binabalian tagas | POST Evac,not urgent,BINABALIAN TAGAS
Case #941 : post ora,not urgent,san juan valentina | POST Road,not urgent,SAN JUAN VALENTINA
Case #949 : post not urgent,agtambi,poblacion | POST Evac,not urgent,AGTAMBI POBLACION
Case #950 : post not urgent,san felipe-santiago,balagtas | POST Evac,not urgent,SAN FELIPE-SANTIAGO BALAGTAS
Case #951 : post evacuate,bone north,overview | POST Evac,urgent,BONE NORTH OVERVIEW
Case #952 : post evacuate,daganas,new sagay | POST Evac,urgent,DAGANAS NEW SAGAY
Case #960 : post not urgent,kibogtok,tigpalas | POST Evac,not urgent,KIBOGTOK TIGPALAS
Case #968 : post vega,cruz,venus budi,c dugman | POST Evac,urgent,SUBIC DUGMAN
Case #978 : post brgy,urgent,indangan santo niã±o | POST Brgy,urgent,INDANGAN SANTO NIÃ‘O
Case #979 : post health,urgent,limarayon calit,liatn | POST Health,urgent,LIMARAYON CALITLITAN
Case #986 : piit flood,urgent,dulag barangay,x3 | POST Flood,urgent,DULAG BARANGAY   3
Case #997 : root earthquake,urgent,rizal west la granja | POST Earthquake,urgent,RIZAL WEST LA GRANJA
77.3% correct
