post rescue,not urgent,bongo isla,ndgemat-y | POST Rescue,not urgent,BONGO ISLAND GEMAT-Y
post bridge,not urgent lambug,guban | POST Bridge,not urgent,LAMBUG GUBAN
post brownout,urgent,pasadeã±a poblacion | POST Brownout,urgent,PASADEÃ‘A POBLACION
post fire,not urgent magangit,gangauan | POST Fire,not urgent,MAGANGIT GANGAUAN
piot brownout,not urgent,anis salomague | POST Brownout,not urgent,ANIS SALOMAGUE
post orani,urgent,poblacion west dansal | POST Rain,urgent,POBLACION WEST DANSAL
piot relief,not urgent,camambugan sinandigan | POST Relief,not urgent,CAMAMBUGAN SINANDIGAN
post orani,urgent,buhay na tubig bauyan | POST Rain,urgent,BUHAY NA TUBIG BAUAN
piot rain,not urgent,dumabel guindapunan east | POST Rain,not urgent,DUMABEL GUINDAPUNAN EAST
post fe,not urgent,mat-i malitbog | POST Fire,not urgent,MAT-I MALITBOG
post health,not urgent,poblacion b biri sur | POST Health,not urgent,POBLACION BIRI SUR
post accident,not urgent toledo,roxas | POST Accident,not urgent,TOLEDO ROXAS
post acli,deet,not urgent,sabang,cordon | POST Accident,not urgent,SABANG CORDON
post landslide,not urgent,antongalon santo niã±o | POST Landslide,not urgent,ANTONGALON SANTO NIÃ‘O
post brownout,not urgent madanding,guintas | POST Brownout,not urgent,MADANDING GUINTAS
post brownout,urgent,santo niã±o mangandingay | POST Brownout,urgent,SANTO NIÃ‘O MANGANDINGAY
post dauin,not urgent,barangay 717 pag-asa | POST Rain,not urgent,BARANGAY 717 PAG-ASA
post health,not urgent alibaba,amatugan | POST Health,not urgent,ALIBABA AMATUGAN
post fe,loo,not urgent tinongtongan,josefina | POST Flood,not urgent,TINONGTONGAN JOSEFINA
post brownout,ura,san pablo 1st lusain | POST Brownout,urgent,SAN PABLO 1ST LUSAIN
piot relief,urgent,homestead i new lucban | POST Relief,urgent,HOMESTEAD I NEW LUCBAN
piot earthquake,urgent,patag poblacion | POST Earthquake,urgent,PATAG POBLACION
post evacuate,lemon,pacuhan | POST Evac,urgent,LEMON PACUHAN
post bridge,not urgent,cabunga-an villa,corenjo | POST Bridge,not urgent,CABUNGA-AN VILLA CORNEJO
piot fire,not urgent,poblacion 14 barangay 482 | POST Fire,not urgent,POBLACION 14 BARANGAY 482
post faire,not urgent,quiniput linggangao | POST Fire,not urgent,QUINIPUT LINGGANGAO
post san vicente poblacion,libi,rain | POST Evac,urgent,POBLACION II BIRI
post fire,not urgent general luna,katipunan | POST Fire,not urgent,GENERAL LUNA KATIPUNAN
pest landslide,not urgent,libas balite | POST Landslide,not urgent,LIBAS BALITE
post not urgent,agmailig,gemat-y | POST Evac,not urgent,AGMAILIG GEMAT-Y
post rescue,not urgent,santa elecia,guadalupe | POST Rescue,not urgent,SANTA LUCIA GUADALUPE
post wind,ura,tentay tamban,i buyasyas | POST Wind,urgent,TAYAMBANI BUYASYAS
post earthquake,not urgent mapait,tuno | POST Earthquake,not urgent,MAPAIT TUNO
post not urgent,barangay iv,san pedro island | POST Evac,not urgent,BARANGAY IV SAN PEDRO ISLAND
post brgy,not urgent,gã±aran sinunoc | POST Brgy,not urgent,GÃ‘ARAN SINUNOC
post not urgent,camanggaan,liang | POST Evac,not urgent,CAMANGGAAN LIANG
porot rain,not urgent,dupitac dagbasan | POST Rain,not urgent,DUPITAC DAGBASAN
post earthquake,not urgent tinago,san rafael | POST Earthquake,not urgent,TINAGO SAN RAFAEL
piot brgy,urgent,calumpang salaysay | POST Brgy,urgent,CALUMPANG SALAYSAY
post vega,not urgent,bacawan north poblacion | POST Evac,not urgent,BACAWAN NORTH POBLACION
piot elcano,not urgent,situbo poblacion market | POST Evac,not urgent,SITUBO POBLACION MARKET
boot health,not urgent,uson picalilangan | POST Health,not urgent,USON PICALILANGAN
post flood,urgent,bara dangay,1cantao-an | POST Flood,urgent,BARANGAY  1 CANTAO-AN
post not urgent,badiang,balogo | POST Evac,not urgent,BADIANG BALOGO
post vega,not urgent,cabagã±an alannay | POST Evac,not urgent,CABAGÃ‘AN ALANNAY
post brownout,not urgent,poblacion dist. iii igdurarog | POST Brownout,not urgent,POBLACION DIST. II IGDURAROG
post evacuate,natba,taytay | POST Evac,urgent,BAYE TAYTAY
piot evacuate,not agtabo villa nogales | POST Evac,urgent,AGTABO VILLA NOGALES
post relief,not urgent,entablado gairan | POST Relief,not urgent,ENTABLADO BAIRAN
post earthquake,urgent,santo niã±o clarin settlement | POST Earthquake,urgent,SANTO NIÃ‘O CLARIN SETTLEMENT
post not urgent,magpanambo,bagalupa | POST Evac,not urgent,MAGPANAMBO BAGALUPA
post rain,not urgent bgy.  1 - em''s barrio,lancuas | POST Rain,not urgent,BGY.  1 - EM''S BARRIO LANCUAS
post wind,urgent,batu oyan,cambinoy | POST Wind,urgent,BATUAN CAMBINOY
post ronda,urgent,imelda santa lucia | POST Road,urgent,IMELDA SANTA LUCIA
post relief,not urgent barangay zone iii,ilihan norte | POST Relief,not urgent,BARANGAY ZONE III ILIHAN NORTE
post bridge,not urgent parina,liguac | POST Bridge,not urgent,PARINA LIGUAC
post road,not urgent poblacion ii,tasiman | POST Road,not urgent,POBLACION II TASIMAN
post landslide,not urgent tigtabon,puruganan | POST Landslide,not urgent,TIGTABON PURUGANAN
post bridge,not urgent santa,san rafael sur | POST Bridge,not urgent,SANTA INES SAN RAFAEL SUR
post not urgent,santa anastacia,san isidro | POST Evac,not urgent,SANTA ANASTACIA SAN ISIDRO
post rescue,urgent,old sagay datu,tmabara | POST Rescue,urgent,OLD SAGAY DATU TAMBARA
post not urgent,casasahan ibaba,san antonio | POST Evac,not urgent,CASASAHAN IBABA SAN ANTONIO
post road,urgent,barangay  2 milad | POST Road,urgent,BARANGAY  2 MALAD
post rescue,not urgent barangay d,barangay 139 | POST Rescue,not urgent,BARANGAY D BARANGAY 139
piot rescue,urgent,canarem lindongan | POST Rescue,urgent,CANAREM LINDONGAN
pasi i earthquake,urgent,saba leon,lictin | POST Earthquake,urgent,SABAKEN LICTIN
post flood,urgent,aguada alip,anvgpang | POST Flood,urgent,AGUADA ALIPANGPANG
post landslide,not urgent mambangnan,tiongson | POST Landslide,not urgent,MAMBANGNAN TIONGSON
post not urgent,la paz,kulasian | POST Evac,not urgent,LA PAZ CULASIAN
post rain,not urgent,cantuba rang-ay,1 | POST Rain,not urgent,NATU BARANGAY  1
mostro urgent,santa cruz,san isidro | POST Road,urgent,SANTA CRUZ SAN ISIDRO
post earthquake,ueg,intusan villa laida | POST Earthquake,urgent,UTANAN VILLA LAIDA
post accident,not urgent tinago,barangay 200 | POST Accident,not urgent,TINAGO BARANGAY 200
post uacon,not urgent,datalbukay macalunod | POST Evac,not urgent,DATALBUKAY MACALUNOD
post flood,not urgent tabo-o,kipilas | POST Flood,not urgent,TABO-O KIPILAS
post health,not urgent lagao,karaha | POST Health,not urgent,LAGAO KARAHA
pest rescue,urgent,laguan san joaquin | POST Rescue,urgent,LAGUAN SAN JOAQUIN
post health,not urgent toclong   i-b,bolocboloc | POST Health,not urgent,TOCLONG   I-B BOLOCBOLOC
post accident,not urgent angarian,alejos | POST Accident,not urgent,ANGARIAN ALEJOS
post earthquake,not urgent malo-ong san jose,mangcamagong | POST Earthquake,not urgent,MALO-ONG SAN JOSE MANGCAMAGONG
post health,not urgent calatagan proper,ventura | POST Health,not urgent,CALATAGAN PROPER VENTURA
post earthquake,not urgent sibujo,aritao | POST Earthquake,not urgent,SIBUJO ARITAO
post fire,not urgent,villa pantinople | POST Fire,not urgent,UPO VILLA PANTINOPLE
post earthquake,not urgent,poblacion kaha,ygaan | POST Earthquake,not urgent,POBLACION KAHAYAGAN
post heat,urgent,yuson batuli | POST Health,urgent,AYSON BATULI
post arac,not urgent sulangon,santa monica | POST Evac,not urgent,SULANGON SANTA MONICA
post bridge,not urgent,moroboro sapngan | POST Bridge,not urgent,MOROBORO SANGAT
post brgy,not urgent salabaca,bugallon-posadas street | POST Brgy,not urgent,SALABACA BUGALLON-POSADAS STREET
post flood,not urgent santo domingo,san luis | POST Flood,not urgent,SANTO DOMINGO SAN LUIS
post vega,urgent,canhumawid tible | POST Evac,urgent,CANHUMAWID TUBLE
post evacuate,nusa,cawacagan | POST Evac,urgent,SAYON CAWACAGAN
post rain,not urgent santa teresa,san jose norte i | POST Rain,not urgent,SANTA TERESA SAN JOSE NORTE I
post aring,urgent,hita-asan i salcedo | POST Rain,urgent,HITA-ASAN I SALCEDO
pasta accident,urgent,san pedro malabing | POST Accident,urgent,SAN PEDRO MALABING
post flood,not urgent alsem,san joaquin | POST Flood,not urgent,ALSEM SAN JOAQUIN
post glan,dalid,urgent buhay na tubig,sabang pinamasagan | POST Landslide,urgent,BUHAY NA TUBIG SABANG PINAMASAGAN
post brgy,urgent,sapa pequeã±a gen. luna | POST Brgy,urgent,SAPA PEQUEÃ‘A GEN. LUNA
post brownout,not urgent,san jose cawa-cawa,palaad | POST Brownout,not urgent,SAN JOSE CAWA-CAWA PALAAD
post relief,urgent,libucon dilabayan | POST Relief,urgent,LIBUTON DILABAYAN
post flood,not urgent,santo niã±o rizal | POST Flood,not urgent,SANTO NIÃ‘O RIZAL
piot rescue,urgent,balatican odiong | POST Rescue,urgent,BALATICAN ODIONG
apo subay,urgent,panungyan ii poblacion xi | POST Brgy,urgent,PANUNGYAN II POBLACION XI
post flood,not urgent poblacion b,lacag | POST Flood,not urgent,POBLACION BACAG
post health,urgent,silawe osorio,sii | POST Health,urgent,SILAWE OSORIO II
post orani,urgent,caitib santa cruz-santo niã±o | POST Rain,urgent,CAITIB SANTA CRUZ-SANTO NIÃ‘O
post mac,pide,not urgent calaghusan,ebro | POST Accident,urgent,CALAGHUSAN EBRO
post health,not urgent,culao sili,ong | POST Health,not urgent,CULASI LIONG
post rescue,not urgent kalayaan,dimataling | POST Rescue,not urgent,KALAYAAN DIMATALING
post relief,not urgent,poblacion b ben-agan | POST Relief,not urgent,POBLACION BEN-AGAN
post fire,not urgent market site,ibaba | POST Fire,not urgent,MARKET SITE IBABA
post accident,not urgent visitacion,villaflor | POST Accident,not urgent,VISITACION VILLAFLOR
post relief,not urgent sacritan,sumbato | POST Relief,not urgent,SACRITAN SUMBATO
post wind,not ueg intusan,ibid,ro gubaan | POST Wind,not urgent,SAN ISIDRO GUBAAN
post rain,not urgent cathedral falls,oy,cti | POST Rain,not urgent,CATHEDRAL FALLS YOCTI
post relief,not urgent manuel guianga,abuor | POST Relief,not urgent,MANUEL GUIANGA ABUOR
pest fire,urgent,maypulot lutao | POST Fire,urgent,MAYPULOT LUTAO
post fire,not urgent barangay 28,coronobe | POST Fire,not urgent,BARANGAY 28 CORONOBE
post wind,not urgent,caba new san agustin | POST Wind,not urgent,CABARIWAN SAN AGUSTIN
post health,not urgent batug,kalasungay | POST Health,not urgent,BATUG KALASUNGAY
post brgy,urgent,lepaga san antoni,c ogbon | POST Brgy,urgent,LEPAGA SAN ANTONIO OGBON
post health,urgent,san jose guma,alng | POST Health,urgent,SAN JOSE GUMALANG
post wind,not urgent pipias,ilian | POST Wind,not urgent,PIPIAS ILIAN
post flood,urgent,tambak maria,no espelleta iii | POST Flood,urgent,TAMBAK MARIANO ESPELETA III
post wind,not urgent,mona mona,ur port holladn zone iii pob. | POST Wind,not urgent,MONAMON SUR PORT HOLLAND ZONE III POB.
post wind,urgent,aflek pata,bgo | POST Wind,urgent,AFLEK PATABOG
post evacuate,calabidongan,lumbaca-ingud | POST Evac,urgent,CALABIDONGAN LUMBACA-INGUD
apo flood,not urgent malibago,bolosan | POST Flood,not urgent,MALIBAGO BOLOSAN
post evacuate,new asturias,poblacion vii | POST Evac,urgent,ASTURIAS POBLACION VII
mostro not urgent,santiago,reyna regente | POST Rescue,not urgent,SANTIAGO REYNA REGENTE
post bridge,not urgent pusiw,caidquid | POST Bridge,not urgent,PUSIW CAIDQUID
post tacup,urgent,dacudao babo pangulo | POST Evac,urgent,DACUDAO BABO PANGULO
post heat,not urgent,barangay 284 sirao | POST Health,not urgent,BARANGAY 284 SIRAO
post brgy,urgent,bayao bubon,gradapan | POST Brgy,urgent,BAYAO BUBONG RADAPAN
post brgy,urgent,utanan pila | POST Brgy,urgent,UTANAN PILAR
post flood,urgent,santo niã±o siare | POST Flood,urgent,SANTO NIÃ‘O SIARE
post flood,not urgent calimag,boston | POST Flood,not urgent,CALIMAG BOSTON
post health,not urgent san isidro,mabini | POST Health,not urgent,SAN ISIDRO MABINI
post cueva,urgent,madaymen kaytambog | POST Evac,urgent,MADAYMEN KAYTAMBOG
post orani,urgent,limulan manibaug pasig | POST Rain,urgent,LIMULAN MANIBAUG PASIG
post health,not urgent matungao,mambaling | POST Health,not urgent,MATUNGAO MAMBALING
post vega,not urgent,paraiso kauran | POST Evac,not urgent,PARAISO KAURAN
post wind,urgent,bolos utod | POST Wind,urgent,BOLO SUGOD
post siain,urgent,halayhayin malakaban | POST Rain,urgent,HALAYHAYIN MALAKABAN
post not urgent,sampaloc iv,barangay 629 | POST Evac,not urgent,SAMPALOC IV BARANGAY 629
post aring,urgent,kulaman gaid | POST Rain,urgent,KULAMAN GAID
post ronda,urgent,aloguinsan sibulan | POST Road,urgent,ALOGUINSAN SIBULAN
post riang,not urgent,habagatan santo niã±o | POST Rain,not urgent,HABAGATAN SANTO NIÃ‘O
post elcano,not urgent,san jose maot | POST Evac,not urgent,SAN JOSE MAOT
post relief,not urgent pamplona uno,lower usugan | POST Relief,not urgent,PAMPLONA UNO LOWER USOGAN
post fire,urgent,daligan gui,knobatan | POST Fire,urgent,DALIGAN GUINOBATAN
post not urgent,teneclan,santo cristo | POST Evac,not urgent,TENECLAN SANTO CRISTO
post brownout,not urgent barangay 282,dao | POST Brownout,not urgent,BARANGAY 282 DAO
post not urgent,estrella,arakan | POST Evac,not urgent,ESTRELLA ARAKAN
post rain,not urgent tibangao,calawe | POST Rain,not urgent,TIBANGAO CALAWE
post ora,urgent,danlugan subusob | POST Road,urgent,DANLUGAN SUBUSOB
ponot earthquake,not urgent poblacion b,alog,o | POST Earthquake,not urgent,POBLACION BALOGO
post health,urgent,romagondong santo niã±o | POST Health,urgent,ROMAGONDONG SANTO NIÃ‘O
post accident,urgent,barangbang mone,tla | POST Accident,urgent,BARANGBANG MONTELA
post bridge,urgent,uso barangay  65 | POST Bridge,urgent,SUYO BARANGAY  65
post relief,urgent,talus sangay,west poblacion | POST Relief,urgent,TALUKSANGAY WEST POBLACION
post health,urgent,palang ueg,2&  3 concepcion | POST Health,urgent,PALANGUE 2 & 3 CONCEPCION
post fe,eli,not urgent magkarila,kanitoan | POST Relief,not urgent,MAGKARILA KANITOAN
post elcano,not urgent,old kibawe cato-ogan | POST Evac,not urgent,OLD KIBAWE CATO-OGAN
post brownout,not urgent bakud,communal | POST Brownout,not urgent,BAKUD COMMUNAL
post fire,not urgent sibuto,magsaysay | POST Fire,not urgent,LIBUTON MAGSAYSAY
mostro not urgent,kasapa ii,bulan | POST Road,not urgent,KASAPA II BULAN
post road,not urgent alcadesma,villa paz | POST Road,not urgent,ALCADESMA VILLA PAZ
post brownout,urgent,san jose cawa-cawa,mahayag | POST Brownout,urgent,SAN JOSE CAWA-CAWA MAHAYAG
post landslide,not urgent poblacion west iv,cormatan | POST Landslide,not urgent,POBLACION WEST IV CORMATAN
post rescue,not urgent bendita ii,mactan | POST Rescue,not urgent,BENDITA II MACTAN
post rescue,not urgent,baka central barangay,96 | POST Rescue,not urgent,BAKAKENG CENTRAL BARANGAY  96
post fe,ogod,urgent silangang calutan,de carabao | POST Flood,urgent,SILANGANG CALUTAN DE CARABAO
post bridge,not urgent matikiw,cang-apa | POST Bridge,not urgent,MATIKIW CANG-APA
post eman,not urgent,hamod tanza | POST Evac,not urgent,HAMOD TANZA
post health,not urgent tingib,amancion | POST Health,not urgent,TINGIB AMANCION
post flood,not urgent carre,antongalon | POST Flood,not urgent,CARRE ANTONGALON
post relief,not urgent carmen,malino | POST Relief,not urgent,CARMEN MALINO
post relief,urgent,luuk tara,libertad | POST Relief,urgent,LUUK TARA LIBERTAD
post evacuate,poblacion zone  3,tagpopongan | POST Evac,urgent,POBLACION ZONE  3 TAGPOPONGAN
post evacuate,sermon,lamut | POST Evac,urgent,SERMON LAMUT
post brownout,urgent,santo niã±o fatima | POST Brownout,urgent,SANTO NIÃ‘O FATIMA
post bridge,not urgent san pedro,san agustin | POST Bridge,not urgent,SAN PEDRO SAN AGUSTIN
post rain,not urgent bantug,biday | POST Rain,not urgent,BANTUG BIDAY
post bridge,not urgent,barangay barangay 27-c | POST Bridge,not urgent,BARANGAY 314 BARANGAY 27-C
post fire,not urgent wakas i,valencia | POST Fire,not urgent,WAKAS I VALENCIA
fort rescue,not urgent,comaang marabutuan | POST Rescue,not urgent,COMAANG MARABUTUAN
post landslide,urgent,lower santo niã±o getulio | POST Landslide,urgent,LOWER SANTO NIÃ‘O GETULIO
post road,not urgent barangay  4 poblacion,barangay 661 | POST Road,not urgent,BARANGAY  4 POBLACION BARANGAY 661
pest wind,urgent,laguinbanua calapi | POST Wind,urgent,LAGUINBANUA CALAPI
post brgy,urgent,awang dangcalan | POST Brgy,urgent,AYONG DANGCALAN
post siain,urgent,ilaya 1st burgos | POST Rain,urgent,ILAYA 1ST BURGOS
post rain,urgent,osmeã±a andulauan | POST Rain,urgent,OSMEÃ‘A ANDULAUAN
post wind,not urgent baraclayan,tonggusong banaran | POST Wind,not urgent,BARACLAYAN TONGGUSONG BANARAN
post rain,not urgent,santo niã±o ii rizal | POST Rain,not urgent,SANTO NIÃ‘O II RIZAL
post flood,urgent,piglisan gibon | POST Flood,urgent,PIGLISAN GOIN
post flood,not urgent polahongon,barangay no.  4 | POST Flood,not urgent,POLAHONGON BARANGAY NO.  4
pest health,urgent,bagatayam san jose | POST Health,urgent,BAGATAYAM SAN JOSE
post dine,urgent,calubian catmon | POST Fire,urgent,CALUBIAN CATMON
post health,urgent,gui layo,pagalamatan | POST Health,urgent,GUILAYON PAGALAMATAN
post earthquake,urgent,naga paranas,ixto vele | POST Earthquake,urgent,NAGAPARAN SIXTO VELE
post rain,urgent,mambiranan pequeã±o daldagan | POST Rain,urgent,MAMBIRANAN PEQUEÃ‘O DALDAGAN
pest brgy,not urgent bobongan,barangay e | POST Brgy,not urgent,BOBONGAN BARANGAY E
boot health,not urgent,pogomboa san rafael | POST Health,not urgent,POGOMBOA SAN RAFAEL
post wind,not urgent nagsupotan,maruing | POST Wind,not urgent,NAGSUPOTAN MARUING
post rain,urgent,sambulawan alucao | POST Rain,urgent,SAMBULAWAN LUCA
post rescue,urgent,tubas san vicente | POST Rescue,urgent,TUBA SAN VICENTE
post not urgent,poblacion,aguinaldo | POST Evac,not urgent,POBLACION AGUINALDO
post road,not urgent,peã±afrancia mac,ailbre | POST Road,not urgent,PEÃ‘AFRANCIA MACALIBRE
post rain,not urgent poblacion,tactac | POST Rain,not urgent,POBLACION TACTAC
post elcano,not urgent,san manuel malaguit | POST Evac,not urgent,SAN MANUEL MALAGUIT
post rain,urgent,malubi santa,teersa | POST Rain,urgent,MALUID SANTA TERESA
post meta,not urgent,kilkiling indangan | POST Evac,not urgent,KILKILING INDANGAN
post health,not urgent,capsay mariana | POST Health,not urgent,CAPAS MARIANA
post landslide,not urgent quezon,biasong | POST Landslide,not urgent,QUEZON BIASONG
post road,not urgent saint francis,gajo | POST Road,not urgent,SAINT FRANCIS GAJO
post evacuate,poblacion ii,francia | POST Evac,urgent,POBLACION II FRANCIA
post landslide,not urgent san lucas,bolosan | POST Landslide,not urgent,SAN LUCAS BOLOSAN
post earthquake,urgent,linao san miguel | POST Earthquake,urgent,BANAO SAN MIGUEL
post rescue,urgent,puypuy doã±a flavia | POST Rescue,urgent,PUYPUY DOÃ‘A FLAVIA
pest flood,urgent,inalad caridad | POST Flood,urgent,INALAD CARIDAD
post flood,not urgent san miguel,pallas | POST Flood,not urgent,SAN MIGUEL PALLAS
post rescue,not urgent jalas,aglao | POST Rescue,not urgent,JALAS AGLAO
post evacuate,nena,bao san roque | POST Evac,urgent,NABAO SAN ROQUE
post wind,not urgent,imamaling ino | POST Wind,not urgent,IBA MALINGIN
post not urgent,poblacion ii,magsaysay | POST Evac,not urgent,POBLACION II MAGSAYSAY
piot rescue,not urgent,san nicolas san jose balatok | POST Rescue,not urgent,SAN NICOLAS SAN JOSE BALATOK
post brgy,not urgent,montaã±a barangay 143 | POST Brgy,not urgent,MONTAÃ‘A BARANGAY 143
post health,urgent,santo niã±o bgy. no. 32- | POST Health,urgent,SANTO NIÃ‘O BGY. NO. 32-
post accident,not urgent villa celestial,san roque | POST Accident,not urgent,VILLA CELESTIAL SAN ROQUE
post not urgent,cabaruan,san pablo | POST Evac,not urgent,CABARUAN SAN PABLO
post rain,urgent,feliciano tula,eyan island | POST Rain,urgent,FELICIANO TULAYAN ISLAND
post faire,not urgent,buli kibongbong | POST Fire,not urgent,BULI KIBONGBONG
post escaler,tee,tumanan barangay 856 | POST Evac,urgent,MANANGLE BARANGAY 856
post earthquake,not urgent imelda,ticulio | POST Earthquake,not urgent,IMELDA TICULIO
post not urgent,ilian poblacion,singko | POST Evac,not urgent,ILIAN POBLACION SINGKO
post relief,not urgent bungro,bogo city | POST Relief,not urgent,BUNGRO Bogo City
post accident,urgent,datu anggal midtimbang tubang | POST Accident,urgent,DATU ANGGAL MIDTIMBANG UBANG
post accident,not not urgent barangay 587-a,bitadton sur | POST Accident,not urgent,BARANGAY 587-A BITADTON SUR
post bridge,not urgent riantaran,maspasan | POST Bridge,not urgent,RIANTARAN MASPASAN
post not urgent,calambua,banaba | POST Evac,not urgent,CALAMBUA BANABA
post not urgent,nicolas agatep,barangay  20 | POST Evac,not urgent,NICOLAS AGATEP BARANGAY  20
post ula,urgent,santa juana san francisco | POST Evac,urgent,SANTA JUANA SAN FRANCISCO
root rescue,urgent,canito-an san mariano | POST Rescue,urgent,CANITO-AN SAN MARIANO
potot health,not urgent,tinintinan matindeg | POST Health,not urgent,TININTINAN MATINDEG
post brownout,ura,de la peã±a poblacion i | POST Brownout,urgent,DE LA PEÃ‘A POBLACION I
post health,not urgent,nalbu luma,nin | POST Health,not urgent,NALBU LUCANIN
post not urgent,san isidro,barangay 13 | POST Evac,not urgent,SAN ISIDRO BARANGAY 13
post health,not urgent,janagdong centro  1 | POST Health,not urgent,JANAGDONG CENTRO   1
post not urgent,barangay 287,balong-bato | POST Evac,not urgent,BARANGAY 287 BALONG-BATO
post evacuate,mabuhay i,irisan | POST Evac,urgent,MABUHAY IRISAN
post rescue,urgent,sabtang sinabacan | POST Rescue,urgent,SABANG SINABACAN
post relief,not urgent,inangatan muã±oz west | POST Relief,not urgent,INANGATAN MUÃ‘OZ WEST
piot health,not urgent,dimasari baluno | POST Health,not urgent,DIMASARI BALUNO
post earthquake,not urgent,barangay 26 barangka,iladya | POST Earthquake,not urgent,BARANGAY 26 BARANGKA ILAYA
post not urgent,deporehan,barangay  28 | POST Evac,not urgent,DEPOREHAN BARANGAY  28
post rescue,not urgent san isidro,general malvar | POST Rescue,not urgent,SAN ISIDRO GENERAL MALVAR
post wind,urgent,santa cruz pago,gobngan | POST Wind,urgent,SANTA CRUZ CAGOGOBNGAN
post health,not urgent campalanas,sumimao | POST Health,not urgent,CAMPALANAS SUMIMAO
post evacuate,atbu,gomtago | POST Evac,urgent,BUCO GOMTAGO
post landslide,not urgent sapangbato,balud i | POST Landslide,not urgent,SAPANGBATO BALUD I
post rescue,not urgent patutong malaki south,malaking ilog | POST Rescue,not urgent,PATUTONG MALAKI SOUTH MALAKING ILOG
post earthquake,not urgent,aplaya francia | POST Earthquake,not urgent,PAPAYA FRANCIA
post accident,urgent,bao laaw,edicayas | POST Accident,urgent,BALOCAWE DICAYAS
post tua,urgent,barangay  43-a lip-ac | POST Evac,urgent,BARANGAY  43-A LIP-AC
post landslide,not urgent,santa catalina santa,r osa | POST Landslide,not urgent,SANTA CATALINA SANTA ROSA
post brgy,not urgent marawi,tabon | POST Brgy,not urgent,MARAWI TABON
post relief,not urgent,bagasbas ala,ngihlan | POST Relief,not urgent,BAGASBAS ALANGILAN
post bridge,urgent,gas kiput,ol | POST Bridge,urgent,GAHIT PUTOL
post wind,not urgent san vicente,magsaysay | POST Wind,not urgent,SAN VICENTE MAGSAYSAY
post health,not urgent,barangay 759 barang,hy 298 | POST Health,not urgent,BARANGAY 759 BARANGAY 298
post brgy,urgent,dipalusan apo,lobg | POST Brgy,urgent,DIPALUSAN APOLONG
post landslide,not urgent butao,canbanua | POST Landslide,not urgent,BUTAO CANBANUA
post brownout,not urgent,amlao alulod | POST Brownout,not urgent,AMALOY ALULOD
ponso flood,urgent,bubong santa lucia paguiba | POST Flood,urgent,BUBONG SANTA LUCIA PAGUIBA
post vega,urgent,caupasan bangon | POST Evac,urgent,CAUPASAN BANGON
pest flood,urgent,bacayao norte santol,niï¿½ï¿½o | POST Flood,urgent,BACAYAO NORTE SANTO NIÃ‘O
post health,urgent,buao buso,tubig indangan | POST Health,urgent,BUSO-BUSO TUBIG INDANGAN
post faire,not urgent,maruwa mahayahay | POST Fire,not urgent,MARUWA MAHAYAHAY
post earthquake,not urgent biasong,danapah | POST Earthquake,not urgent,BIASONG DANAPAH
post rescue,urgent,consuelo barang,ya  86 | POST Rescue,urgent,CONSUELO BARANGAY  86
post rescue,urgent,santa maria magdalena,balintocatoc | POST Rescue,urgent,SANTA MARIA MAGDALENA BALINTOCATOC
post landslide,not urgent bgy.  5 - sagmin pob.,tiguib | POST Landslide,not urgent,BGY.  5 - SAGMIN POB. TIGUIB
post landslide,not urgent cantuba,umangan | POST Landslide,not urgent,CANTUBA UMANGAN
post fire,not urgent santo domingo,tunga pob. | POST Fire,not urgent,SANTO DOMINGO TUNGA POB.
post fire,not urgent siay,dumalogdog | POST Fire,not urgent,SIAY DUMALOGDOG
piot bridge,not urgent,ba-ug poctoy | POST Bridge,not urgent,BA-UG POCTOY
post brownout,not urgent san roque,aguinaldo | POST Brownout,not urgent,SAN ROQUE AGUINALDO
post evacuate,cabatang,macasilao | POST Evac,urgent,CABATANG MACASILAO
post evacuate,tugbungan,lawis | POST Evac,urgent,TUGBUNGAN LAWIS
post brgy,not urgent cabanbanan,alacan | POST Brgy,not urgent,CABANBANAN ALACAN
post aring,not urgent,mansilano tupsan | POST Rain,not urgent,MANSILANO TUPSAN
pest road,ura,west poblacion iba,biyoy | POST Road,urgent,POBLACION I-A BIYOY
pocto brownout,urgent,barangay ii sinai | POST Brownout,urgent,BARANGAY II SINAI
post health,not urgent cavite,bgy. 20 - cabagã±an east | POST Health,not urgent,CAVITE BGY. 20 - CABAGÃ‘AN EAST
post evacuate,poctoy,causwagan | POST Evac,urgent,POCTOY CAUSWAGAN
post rain,not urgent pocalpocal,canaan | POST Rain,not urgent,POCALPOCAL CANAAN
post evacuate,atsan,vacante maguling | POST Evac,urgent,SAN VICENTE MAGULING
post vega,not urgent,binabalian tagas | POST Evac,not urgent,BINABALIAN TAGAS
post ora,not urgent,san juan valentina | POST Road,not urgent,SAN JUAN VALENTINA
post road,not urgent pispis,colonia | POST Road,not urgent,PISPIS COLONIA
post not urgent,agtambi,poblacion | POST Evac,not urgent,AGTAMBI POBLACION
post not urgent,san felipe-santiago,balagtas | POST Evac,not urgent,SAN FELIPE-SANTIAGO BALAGTAS
post evacuate,bone north,overview | POST Evac,urgent,BONE NORTH OVERVIEW
post evacuate,daganas,new sagay | POST Evac,urgent,DAGANAS NEW SAGAY
post not urgent,kibogtok,tigpalas | POST Evac,not urgent,KIBOGTOK TIGPALAS
post bridge,not urgent laca,san roque | POST Bridge,not urgent,LACA SAN ROQUE
post earthquake,not urgent bugang,canan norte | POST Earthquake,not urgent,BUGANG CANAN NORTE
post vega,cruz,venus budi,c dugman | POST Evac,urgent,SUBIC DUGMAN
post rain,not urgent bacolod i,quezon | POST Rain,not urgent,BACOLOD I QUEZON
post rescue,not urgent ventura,suizo | POST Rescue,not urgent,VENTURA SUIZO
post brgy,urgent,indangan santo niã±o | POST Brgy,urgent,INDANGAN SANTO NIÃ‘O
post health,urgent,limarayon calit,liatn | POST Health,urgent,LIMARAYON CALITLITAN
post landslide,not urgent manan-ao,barangay vi | POST Landslide,not urgent,MANAN-AO BARANGAY VI
piit flood,urgent,dulag barangay,x3 | POST Flood,urgent,DULAG BARANGAY   3
post fire,not urgent barangay 143,taghuyan | POST Fire,not urgent,BARANGAY 143 TAGHUYAN
post fire,not urgent altavas,poblacion  5 | POST Fire,not urgent,ALTAVAS POBLACION  5
post bridge,not urgent kawit,catadman | POST Bridge,not urgent,KAWIT CATADMAN
root earthquake,urgent,rizal west la granja | POST Earthquake,urgent,RIZAL WEST LA GRANJA
post earthquake,not urgent tabun-acan,plaridel | POST Earthquake,not urgent,TABUN-ACAN PLARIDEL
68.10000000000001% correct
