QUERY LOOK: postrescue,not urgentbongoi slandgemat-y 0
postrescue,not urgentbongoi slandgemat-y 50th district 50th district 0.0 0.0 1
postrescue,not urgentbongoi slandgemat-y 50th district 50th district 0.0 0.0 2
postrescue,not urgentbongoi slandgemat-y 50th district 50th district 0.08333333333333333 0.08333333333333333 3
postrescue,not urgentbongoi slandgemat-y 50th district 50th district 0.18181818181818182 0.18181818181818182 4
postrescue,not urgentbongoi slandgemat-y 50th district 50th district 0.3 0.3 5
postrescue,not urgentbongoi slandgemat-y 50th district 50th district 0.3 0.3 6
postrescue,not urgentbongoi slandgemat-y 50th district 50th district 0.3 0.3 7
postrescue,not urgentbongoi slandgemat-y 50th district 50th district 0.4 0.4 8
postrescue,not urgentbongoi slandgemat-y 50th district 50th district 0.4 0.4 9
postrescue,not urgentbongoi slandgemat-y 50th district 50th district 0.4166666666666667 0.4166666666666667 14
postrescue,not urgentbongoi slandgemat-y yocti yocti 0.6666666666666666 0.6666666666666666 4
postrescue,not urgentbongoi slandgemat-y yocti yocti 0.6666666666666666 0.6666666666666666 5
postrescue,not urgentbongoi slandgemat-y yapo yapo 1.0 1.0 2
postrescue,not urgentbongoi slandgemat-y zapote zapote 1.0 1.0 6
postrescue,not urgentbongoi slandgemat-y visares visares 1.3333333333333333 1.3333333333333333 7
postrescue,not urgentbongoi slandgemat-y sastre sastre 2.0 2.0 6
postrescue,not urgentbongoi slandgemat-y apo apo 2.0 2.0 2
postrescue,not urgentbongoi slandgemat-y pest pest 3.0 3.0 4
postrescue,not urgentbongoi slandgemat-y post post Infinity Infinity 4
QUERY LOOK: rescue,not urgentbongoi slandgemat-y 1
rescue,not urgentbongoi slandgemat-y 50th district 50th district 0.08333333333333333 0.08333333333333333 1
rescue,not urgentbongoi slandgemat-y 50th district 50th district 0.08333333333333333 0.08333333333333333 2
rescue,not urgentbongoi slandgemat-y 50th district 50th district 0.08333333333333333 0.08333333333333333 3
rescue,not urgentbongoi slandgemat-y 50th district 50th district 0.18181818181818182 0.18181818181818182 4
rescue,not urgentbongoi slandgemat-y 50th district 50th district 0.18181818181818182 0.18181818181818182 5
rescue,not urgentbongoi slandgemat-y 50th district 50th district 0.25 0.25 10
rescue,not urgentbongoi slandgemat-y 50th district 50th district 0.2857142857142857 0.2857142857142857 17
rescue,not urgentbongoi slandgemat-y ynaguingayan ynaguingayan 0.3076923076923077 0.3076923076923077 16
rescue,not urgentbongoi slandgemat-y yuyeng yuyeng 0.3333333333333333 0.3333333333333333 6
rescue,not urgentbongoi slandgemat-y yuyeng yuyeng 0.42857142857142855 0.42857142857142855 8
rescue,not urgentbongoi slandgemat-y yuyeng yuyeng 0.42857142857142855 0.42857142857142855 9
rescue,not urgentbongoi slandgemat-y yugot yugot 0.42857142857142855 0.42857142857142855 10
rescue,not urgentbongoi slandgemat-y yulo drive yulo drive 0.45454545454545453 0.45454545454545453 15
rescue,not urgentbongoi slandgemat-y yeban sur yeban sur 0.5555555555555556 0.5555555555555556 13
rescue,not urgentbongoi slandgemat-y jereos jereos 1.0 1.0 3
rescue,not urgentbongoi slandgemat-y seres seres 1.5 1.5 3
rescue,not urgentbongoi slandgemat-y recuerdo recuerdo 2.0 2.0 9
rescue,not urgentbongoi slandgemat-y resa resa 3.0 3.0 3
rescue,not urgentbongoi slandgemat-y resa resa 3.0 3.0 4
rescue,not urgentbongoi slandgemat-y rescue rescue 5.0 5.0 5
rescue,not urgentbongoi slandgemat-y rescue rescue Infinity Infinity 6
QUERY LOOK: not urgentbongoi slandgemat-y 2
not urgentbongoi slandgemat-y 50th district 50th district 0.0 0.0 1
not urgentbongoi slandgemat-y 50th district 50th district 0.0 0.0 2
not urgentbongoi slandgemat-y 50th district 50th district 0.08333333333333333 0.08333333333333333 3
not urgentbongoi slandgemat-y 50th district 50th district 0.18181818181818182 0.18181818181818182 4
not urgentbongoi slandgemat-y 50th district 50th district 0.18181818181818182 0.18181818181818182 5
not urgentbongoi slandgemat-y 50th district 50th district 0.3 0.3 6
not urgentbongoi slandgemat-y 50th district 50th district 0.3 0.3 7
not urgentbongoi slandgemat-y 50th district 50th district 0.3 0.3 8
not urgentbongoi slandgemat-y 50th district 50th district 0.3 0.3 9
not urgentbongoi slandgemat-y 50th district 50th district 0.4 0.4 10
not urgentbongoi slandgemat-y ynaguingayan ynaguingayan 0.4444444444444444 0.4444444444444444 9
not urgentbongoi slandgemat-y yocti yocti 0.6666666666666666 0.6666666666666666 3
not urgentbongoi slandgemat-y yocti yocti 0.6666666666666666 0.6666666666666666 4
not urgentbongoi slandgemat-y yeban sur yeban sur 0.6666666666666666 0.6666666666666666 6
not urgentbongoi slandgemat-y yamot yamot 0.6666666666666666 0.6666666666666666 3
not urgentbongoi slandgemat-y jose laure jose laure 0.6666666666666666 0.6666666666666666 6
not urgentbongoi slandgemat-y jose laure jose laure 0.6666666666666666 0.6666666666666666 7
not urgentbongoi slandgemat-y jose laure jose laure 0.8333333333333334 0.8333333333333334 8
not urgentbongoi slandgemat-y zona sur zona sur 1.0 1.0 6
not urgentbongoi slandgemat-y senote senote 1.0 1.0 3
not urgentbongoi slandgemat-y senote senote 1.0 1.0 4
not urgentbongoi slandgemat-y south centro south centro 1.0 1.0 12
not urgentbongoi slandgemat-y siol sur siol sur 1.0 1.0 6
not urgentbongoi slandgemat-y san eugenio san eugenio 1.0 1.0 12
not urgentbongoi slandgemat-y san jorge san jorge 1.0 1.0 8
not urgentbongoi slandgemat-y onop onop 1.0 1.0 2
not urgentbongoi slandgemat-y onop onop 1.0 1.0 3
not urgentbongoi slandgemat-y moto moto 1.0 1.0 4
not urgentbongoi slandgemat-y moto sur moto sur 1.0 1.0 5
not urgentbongoi slandgemat-y moto sur moto sur 1.6666666666666667 1.6666666666666667 6
not urgentbongoi slandgemat-y ino ino 2.0 2.0 2
not urgentbongoi slandgemat-y not not Infinity Infinity 3
not urgentbongoi slandgemat-y not urgent not urgent Infinity Infinity 10
QUERY LOOK: bongoi slandgemat-y 3
bongoi slandgemat-y 50th district 50th district 0.0 0.0 1
bongoi slandgemat-y 50th district 50th district 0.0 0.0 2
bongoi slandgemat-y 50th district 50th district 0.0 0.0 3
bongoi slandgemat-y 50th district 50th district 0.0 0.0 4
bongoi slandgemat-y 50th district 50th district 0.0 0.0 5
bongoi slandgemat-y 50th district 50th district 0.08333333333333333 0.08333333333333333 6
bongoi slandgemat-y 50th district 50th district 0.08333333333333333 0.08333333333333333 7
bongoi slandgemat-y 50th district 50th district 0.16666666666666666 0.16666666666666666 8
bongoi slandgemat-y 50th district 50th district 0.16666666666666666 0.16666666666666666 9
bongoi slandgemat-y 50th district 50th district 0.16666666666666666 0.16666666666666666 10
bongoi slandgemat-y 50th district 50th district 0.16666666666666666 0.16666666666666666 11
bongoi slandgemat-y 50th district 50th district 0.16666666666666666 0.16666666666666666 12
bongoi slandgemat-y 50th district 50th district 0.16666666666666666 0.16666666666666666 13
bongoi slandgemat-y 50th district 50th district 0.2 0.2 17
bongoi slandgemat-y ynaguingayan ynaguingayan 0.2 0.2 4
bongoi slandgemat-y ynaguingayan ynaguingayan 0.2 0.2 5
bongoi slandgemat-y ynaguingayan ynaguingayan 0.3 0.3 6
bongoi slandgemat-y ynaguingayan ynaguingayan 0.3 0.3 7
bongoi slandgemat-y ynaguingayan ynaguingayan 0.3 0.3 8
bongoi slandgemat-y ynaguingayan ynaguingayan 0.3 0.3 9
bongoi slandgemat-y ynaguingayan ynaguingayan 0.4444444444444444 0.4444444444444444 10
bongoi slandgemat-y ynaguingayan ynaguingayan 0.625 0.625 11
bongoi slandgemat-y yungod yungod 1.0 1.0 5
bongoi slandgemat-y yungod yungod 1.0 1.0 6
bongoi slandgemat-y yubo yubo 1.0 1.0 2
bongoi slandgemat-y yahong yahong 1.0 1.0 4
bongoi slandgemat-y yabo yabo 1.0 1.0 2
bongoi slandgemat-y yabon yabon 1.5 1.5 3
bongoi slandgemat-y jongo jongo 1.5 1.5 4
bongoi slandgemat-y jongo jongo 4.0 4.0 5
bongoi slandgemat-y bongo bongo Infinity Infinity 5
QUERY LOOK: i slandgemat-y 4
i slandgemat-y 50th district 50th district 0.08333333333333333 0.08333333333333333 1
i slandgemat-y 50th district 50th district 0.08333333333333333 0.08333333333333333 2
i slandgemat-y 50th district 50th district 0.18181818181818182 0.18181818181818182 3
i slandgemat-y 50th district 50th district 0.18181818181818182 0.18181818181818182 4
i slandgemat-y 50th district 50th district 0.18181818181818182 0.18181818181818182 5
i slandgemat-y 50th district 50th district 0.18181818181818182 0.18181818181818182 6
i slandgemat-y 50th district 50th district 0.18181818181818182 0.18181818181818182 7
i slandgemat-y 50th district 50th district 0.18181818181818182 0.18181818181818182 8
i slandgemat-y 50th district 50th district 0.25 0.25 12
i slandgemat-y ynaguingayan ynaguingayan 0.3333333333333333 0.3333333333333333 6
i slandgemat-y ynaguingayan ynaguingayan 0.4 0.4 11
i slandgemat-y ynaguingayan ynaguingayan 0.4 0.4 12
i slandgemat-y ynaguingayan ynaguingayan 0.4166666666666667 0.4166666666666667 14
i slandgemat-y yumbing yumbing 0.5 0.5 8
i slandgemat-y yupisan yupisan 0.8 0.8 6
i slandgemat-y jimilian jimilian 1.0 1.0 6
i slandgemat-y jasaan jasaan 1.0 1.0 6
i slandgemat-y village village 1.0 1.0 9
i slandgemat-y villadima villadima 1.0 1.0 11
i slandgemat-y villa isla villa isla 1.0 1.0 5
i slandgemat-y villa geda villa geda 1.0 1.0 11
i slandgemat-y victory island victory island 1.0 1.0 7
i slandgemat-y swan swan 1.0 1.0 6
i slandgemat-y sweetland sweetland 1.0 1.0 7
i slandgemat-y shilan shilan 1.3333333333333333 1.3333333333333333 6
i slandgemat-y masla masla 1.5 1.5 5
i slandgemat-y kisulan kisulan 1.6666666666666667 1.6666666666666667 6
i slandgemat-y itulan itulan 2.0 2.0 6
i slandgemat-y isla isla 4.0 4.0 5
post rescue,not urgent,bongo isla,ndgemat-y
COMPUTATION TIME: 483.644 seconds
