post,bridge,not urgent,busuanga,laua-an
post,rescue,not urgent,titay,sorsogon city
post,brgy,urgent,san jacinto,dumalneg
post,evac,not urgent,davao city,san isidro
post,ronda,urgent,sagbayan,palayan city
post,road,urgent,sulivan
post,bridge,urgent,cainta,tago
post,landslide,urgent,las nieves,cagayan de oro city
post,fire,not urgent,pozorrubio,pililla
post,landslide,not urgent,south ubian,sagbayan
post,health,urgent,juban,canaman
post,health,urgent,mabini,tubungan
post,bridge,not urgent,malalag,cuenca
post,bridge,urgent,talalora,labo
post,rain,urgent,banaue,llanera
post,evac,not urgent,limasawa,tacurong city
post,landslide,urgent,sarrat,lapinig
post,rescue,urgent,leon,sultan mastura
post,accident,not urgent,buenavista,quezon city
post,flood,not urgent,asipulo,naujan
post,earthquake,not urgent,pipian,alcantara
post,beri,not urgent,tantangan,ormoc city
post,flood,urgent,bilog,candon city
post,rescue,urgent,la paz,mobo
post,brownout,not urgent,guinayangan,makato
post,wind,not urgent,bayabas,san carlos city
post,health,not urgent,nati,kulaman,aoag
post,fire,not urgent,duero,bislig, cyity
post,wind,not urgent,passi city,diadi
post,rain,not urgent,sumisip,pagagawan
post,landslide,urgent,pata,polanco
post,flood,not urgent,burgos,sison
post,bridge,urgent,iligan city,bacuit
post,evac,not urgent,pangil,madalum
post,fire,urgent,capul,cauayan city
post,brgy,urgent,san dionisio,lamut
post,landslide,urgent,lakewood,tagana-an
post,brgy,not urgent,tanza,poona bayabao
post,landslide,urgent,cadiz city,cortes
post,landslide,urgent,san isidro,buenavista
post,noa,daug,sierra bullones,tarangnan
post,fire,not urgent,valderrama,burgos
post,evac,urgent,ginatilan,villaba
post,bora,not urgent,dinaig,san pascual
post,relief,not urgent,butuan city,norala
post,relief,urgent,hungduan,san francisco
post,rescue,not urgent,gattaran,marcos
post,flood,urgent,claveria,coron
post,relief,urgent,tabuk city,san manuel
post,not urgent,conner,macalelon
post,rescue,not urgent,pagudpud,villaba
post,brownout,urgent,san jose,maria
post,flood,not urgent,talalora,sogod
post,earthquake,urgent,candelaria,pandi
post,bridge,not urgent,san remigio,sumisip
post,earthquake,not urgent,samal city,banna
post,accident,urgent,masiu,pasig city
post,road,urgent,villaba,badian
post,accident,not urgent,escalante city,ramon
post,boi,lebueg,dumalag,padre garcia
post,flood,not urgent,iriga city,dingle
post,rain,urgent,bongabong,iloilo city
post,road,urgent,tinglayan,burauen
post,health,not urgent,dupax del norte,san juan
post,wind,urgent,coron,san francisco
post,fire,urgent,saguiaran,hadji muhtamad
post,road,urgent,general city,lope de vega
post,relief,not urgent,roxas,rizal
post,wind,not urgent,parang,cuyo
post,brownout,not urgent,castillejos,nato, niã‘o
post,fire,urgent,anomar,padre burgos
post,bridge,urgent,general nakar,bacolod
post,accident,not urgent,santiago,padre burgos
post,landslide,not urgent,roxas,amadeo
post,relief,not urgent,calamba,alicia
post,brgy,urgent,mabuhay,kadingilan
post,nilo,not urgent,batac city,dinagat
post,road,urgent,legazpi city,hinunangan
post,not urgent,vigan city,dolores
post,rescue,not urgent,torrijos,marilao
post,earthquake,not urgent,pandi,balungao
post,evac,urgent,malolos city,gapan city
post,flood,urgent,pinamalayan,magallanes
post,relief,urgent,sultan mastura,asipulo
post,landslide,urgent,santa maria,malolos, ciey
post,fire,urgent,tacurong city,mapanas
post,relief,urgent,naga city,basista
post,accident,not urgent,matnog,gattaran
post,relief,not urgent,pio v. corpuz,calbayog city
post,evac,not urgent,aglipay,san antonio
post,wind,not urgent,amlan,vinzons
post,flood,urgent,pandan,ubao,ay
post,brgy,not urgent,jimalalud,burgos
post,bridge,not urgent,ragay,claveria
post,relief,urgent,gigaquit,tagbilaran city
post,fire,urgent,ampatuan,gitagum
post,fire,urgent,maydolong,pasay city
post,accident,urgent,tagana-an,matalam
post,road,urgent,barugo,mati city
post,relief,urgent,sibulan,san enrique
post,health,urgent,loay,josefina
post,relief,not urgent,kawit,datu saudi-ampatuan
post,rain,not urgent,santa cruz,datu anggal midtimbang
post,fire,pura,renti,pe??aranda,burauen
post,brgy,not urgent,guinayang,oroquieta city
post,landslide,not urgent,libagon,kiamba
post,bridge,urgent,pantao ragat,llanera
post,brownout,urgent,banga,santa maria
post,fire,urgent,pililla,jala-jala
post,evac,not urgent,ayungon,balbalan
post,accident,urgent,jala-jala,bauan
post,brownout,urgent,loreto,tantangan
post,landslide,not urgent,al-barka,argao
post,earthquake,not urgent,almagro,kapatagan
post,earthquake,not urgent,akbar,bacong
post,brgy,urgent,koronadal city,pantukan
post,flood,urgent,santo domingo,lacub
post,flood,urgent,esperanza,sultan mastura
post,bridge,urgent,calumpit,macalelon
post,evac,urgent,kauswagan,bantuan
post,rescue,not urgent,doljo,guindulungan
post,flood,urgent,san agustin,bacungan
post,brgy,urgent,cainta,muñoz city
post,brownout,not urgent,bindoy,naga
post,earthquake,not urgent,calbayog city,gubat
post,triana,urgent,luna,capul
post,relief,urgent,dauin,sominot
post,wind,urgent,libagon,calbiga
post,relief,urgent,dumanjug,maasim
post,rescue,not urgent,makati city,calapan city
post,relief,not urgent,corcuera,la carlota city
post,landslide,not urgent,kauswagan,bagac
post,brgy,not urgent,kabayan,alicia
post,wind,not urgent,sison,moises padilla
post,landslide,not urgent,padre garcia,tua,b
post,flood,not urgent,urdaneta city,cabatuan
post,flood,urgent,candoni,alabel
post,accident,urgent,agoncillo,jimalalud
post,wind,urgent,mahinog,vinzons
post,bari,urgent,burauen,ilagan city
post,brgy,urgent,sindangan,mataasnakahoy
post,landslide,not urgent,placer,san enrique
post,accident,urgent,magsaysay,maasin city
post,wind,not urgent,manaka,san jose, civy
post,accident,not urgent,anahawan,tukuran
post,fire,urgent,general luna,antipolo city
post,health,urgent,kabuntalan,general nakar
post,flood,not urgent,cabanatuan city,aloguinsan
post,evac,urgent,zumarraga,lupi
post,landslide,urgent,norala,talitay
post,accident,urgent,tubod,sibagat
post,evac,urgent,dipaculao,taytay
post,ronda,not urgent,ampatuan,akbar
post,fire,not urgent,legazpi city,pangutaran
post,flood,urgent,mandaluyong city,bacolod
post,evac,urgent,kabankalan city,sallapadan
post,landslide,not urgent,anak,barua,llapadan
post,relief,urgent,calamba,ampayon
post,relief,urgent,san narciso,canaman
post,relief,not urgent,san jacinto,maribojoc
post,oro,not urgent,ferrol,san jose city
post,brownout,not urgent,altavas,veruela
post,rescue,not urgent,cagwait,lucena, crity
post,flood,not urgent,cali,cabadbaran city
post,brgy,not urgent,cuenca,cebu city
post,fire,urgent,liloan,sagay city
post,fire,urgent,makato,looc
post,accident,urgent,quinapondan,pitogo
post,landslide,not urgent,linamon,lawaan
post,fire,not urgent,pipian,ima,bini
post,brownout,not urgent,mabato,potia
post,earthquake,urgent,san ildefonso,laguindingan
post,earthquake,urgent,buenavista,masantol
post,flood,urgent,ozamiz city,kabuntalan
post,brownout,urgent,san jose,bokod
post,accident,urgent,marawi city,silvino lobos
post,evac,urgent,imelda,narra
post,earthquake,not urgent,sablan,limasawa
post,relief,not urgent,san juan,santa fe
post,earthquake,urgent,delfin albano,mandaue city
post,rain,urgent,angeles city,sindangan
post,accident,urgent,cauayan city,ternate
post,brgy,urgent,compostela,parañaque city
post,health,not urgent,malalag,panabo city
post,landslide,urgent,san miguel,poctol
post,wind,turu,barcelona,dolores
post,accident,urgent,canaman,candoni
post,fire,urgent,pandi,pitogo
post,not urgent,santa margarita,upi
post,brgy,urgent,lagonglong,lal-lo
post,rescue,urgent,narra,lugus
post,wind,not urgent,natimonan,tangub city
post,brgy,not urgent,balanga city,lutayan
post,fire,urgent,jala-jala,madalum
post,relief,urgent,marikina city,bindoy
post,evac,urgent,alcala,batuan
post,bridge,not urgent,luna,quinapondan
post,evac,urgent,gapan,bislig city
post,evac,urgent,quezon,madridejos
post,wind,not urgent,tanza,koronadal city
post,wind,not urgent,upi,aglipay
post,brownout,not urgent,calbiga,aparri
post,accident,not urgent,calintaan,la libertad
post,brownout,not urgent,balindong,mariano marcos
post,evac,urgent,bagac,sagada
post,flood,not urgent,leon,marikina city
post,earthquake,not urgent,upi,buug
post,wind,urgent,butuan city,bayag
post,wind,urgent,piat,liloan
post,rescue,not urgent,sexmoan,bantay
post,landslide,urgent,anini-y,san carlos city
post,health,urgent,batad,sigma
post,flood,urgent,buadiposo-buntong,dauin
post,road,not urgent,buenavista,magdalena
post,relief,not urgent,dasmariñas city,aga,um
post,evac,urgent,mapun,bitulok & sabani
post,brownout,urgent,rosario,aguilar
post,flood,not urgent,lagonglong,talisay city
post,relief,urgent,toboso,general nakar
post,wind,not urgent,tigbao,dipaculao
post,landslide,urgent,ormoc city,jimalalud
post,brgy,not urgent,candaba,olongapo city
post,accident,not urgent,lagawe,mayoyao
post,relief,urgent,binmaley,tubungan
post,relief,not urgent,socorro,santo ni??o
post,earthquake,not urgent,sison,siruma
post,brgy,urgent,san felipe,narra
post,bridge,urgent,tagoloan,santa margarita
post,earthquake,urgent,amlang,quezon city
post,palo,not urgent,new bataan,la carlota city
post,relief,urgent,laoac,mahatao
post,brownout,urgent,sultan kudarat,padre burgos
post,rescue,not urgent,bonifacio,tagbina
post,landslide,not urgent,dupax del norte,loay
post,road,urgent,murcia,tapul
post,brgy,not urgent,surigao city,puerto, city
post,brgy,not urgent,mapun,bobon
post,beta,not urgent,janiuay,candon city
post,brownout,not urgent,adams,cagwait
post,brownout,urgent,liloan,navotas city
post,rain,not urgent,san carlos city,datu anggal midtimbang
post,earthquake,not urgent,hingyon,mariveles
post,flood,not urgent,socorro,cagayan de oro city
post,brownout,not urgent,alegria,balbalan
post,health,not urgent,hinoba-an,san manuel
post,rescue,urgent,lubao,dimataling
post,rain,urgent,ferrol,cabadbaran city
post,relief,urgent,bigaa,pilar
post,rain,not urgent,pagagawan,malapatan
post,health,urgent,santa catalina,bacoor city
post,road,not urgent,tayabas city,kabankalan city
post,accident,urgent,bacolod grande,m'lang
post,evac,not urgent,trinidad,sarangani
post,fire,urgent,san francisco,bauan
post,wind,urgent,naic,kabayan
post,rescue,urgent,san felipe,bayag
post,bridge,not urgent,san narciso,moises padilla
post,relief,not urgent,midsalip,linamon
post,wind,urgent,balatan,sagbayan
post,landslide,not urgent,mondragon,mangaldan
post,relief,not urgent,cabagan,san lorenzo
post,rescue,not urgent,santo ni??o,sudipen
post,flood,not urgent,santa cruz,malinao
post,fire,not urgent,santiago,sultan gumander
post,rain,not urgent,sinacaban,sablan
post,siain,urgent,las nieves,pambujan
post,bridge,not urgent,santa elena,san remigio
post,flood,urgent,guinsiliban,dumalag
post,health,urgent,socorro,balangiga
post,health,not urgent,anao-aon,san miguel
post,rescue,not urgent,pagbilao,sag,ã‘ay
post,rescue,not urgent,isulan,tukuran
post,relief,urgent,placer,marcos
post,brownout,not urgent,datu piang,san vicente
post,landslide,not urgent,tudela,tagbilaran city
post,health,urgent,bigaa,pinili
post,rain,urgent,las nieves,dasol
post,accident,not urgent,magsaysay,patikul
post,evac,urgent,rapu-rapu,lubao
post,rescue,not urgent,minalin,malapatan
post,brownout,urgent,pagadian city,tabuan-lasa
post,bora,urgent,malilipot,bayawan city
post,brownout,purag,san julian,sapi-an
post,landslide,urgent,pagagawan,poona piagapo
post,bridge,urgent,trinidad,new lucena
post,rescue,not urgent,monreal,roxas, ctiy
post,health,urgent,siruma,uson
post,brownout,not urgent,tinoc,busuanga
post,brgy,urgent,governor generoso,kapalong
post,rescue,urgent,mendez,santo tomas
post,flood,urgent,valderrama,pantao ragat
post,not urgent,boliney,calamba
post,fire,urgent,quezon,paoay
post,accident,urgent,pilar,salvador
post,fire,not urgent,san vicente,anini-y
post,rescue,not urgent,valencia,dalisay
post,fire,not urgent,sibutad,san jose city
post,road,not urgent,bumbaran,parang
post,evac,not urgent,llanera,tarangnan
post,rescue,not urgent,villareal,moises padilla
post,brownout,not urgent,buenavista,sigma
post,evac,not urgent,camaligan,maydolong
post,relief,urgent,medina,dagohoy
post,accident,urgent,dauin,bongabong
post,rescue,urgent,banna,anao-aon
post,brownout,not urgent,sapi-an,malita
post,not urgent,buenavista,ozamiz city
post,relief,urgent,pangutaran,alcantara
post,fire,not urgent,calamba,rizal
post,brownout,not urgent,san pedro city,san narciso
post,earthquake,urgent,batangas city,allacapan
post,health,urgent,manaoag,buguias
post,rain,not urgent,canaman,labo
post,brgy,urgent,jordan,calumpit
post,parai,not urgent,janiuay,tadian
post,rain,urgent,tuguegarao city,bayang
post,bridge,urgent,dumalneg,libon
post,road,not urgent,dapitan city,omar
post,landslide,not urgent,burauen,muntinlupa city
post,wind,not urgent,candaba,amlan
post,wind,urgent,jaen,dilasag
post,ura,urgent,narra,cagayancillo
post,not urgent,balbalan,naic
post,landslide,urgent,lope de vega,santa, city
post,flood,not urgent,bogo city,pozorrubio
post,landslide,not urgent,hinunangan,paoay
polot,landslide,not urgent,sapi-an,old panamao
post,fire,urgent,guinsiliban,manolo fortich
post,health,not urgent,balingasag,lamut
post,brgy,not urgent,dolores,kalayaan
post,brgy,urgent,general luna,bokod
post,relief,not urgent,cavite city,naic
post,brgy,urgent,tibiao,braulio e. dujali
post,brownout,not urgent,laoag city,gingoog city
post,bridge,urgent,isabel,lope de vega
post,landslide,not urgent,almagro,bontoc
post,wind,not urgent,puerto city,navotas city
post,flood,urgent,compostela,bao,t
post,bridge,urgent,la carlota city,san julian
post,health,not urgent,tagaytay city,caramoan
post,rescue,not urgent,guinsiliban,bula
post,earthquake,urgent,quezon,las piñas city
post,rain,urgent,tudela,locsin
post,earthquake,urgent,concepcion,zaragoza
post,flood,not urgent,malolos city,bien unido
post,fire,urgent,buao,san simon
post,bridge,urgent,south ubian,san isidro
post,bridge,not urgent,libagon,oroquieta city
post,relief,not urgent,tabuk city,magsaysay
post,health,urgent,paloc,asin,,talusan
post,earthquake,urgent,doña alicia,cauayan city
post,rain,not urgent,bokod,gen. s. k. pendatun
post,fire,not urgent,mangudadatu,cuna
post,road,not urgent,sibulan,tubay
post,not urgent,calbayog city,roxas
post,wind,not urgent,bacolod,datu anggal midtimbang
post,wind,not urgent,burgos,jordan
post,brownout,urgent,sultan kudarat,ternate
post,bari,not urgent,san marcelino,navotas city
post,brgy,urgent,diadi,bayag
post,evac,urgent,tantangan,ungkaya pukan
post,relief,not urgent,san ildefonso,mambusao
post,brgy,urgent,sapang dalaga,bongabong
post,relief,not urgent,baybay city,pambujan
post,kaingen,laoag city,malilipot
post,landslide,urgent,caoayan,candaba
post,brgy,urgent,mulondo,concepcion
post,rescue,urgent,imelda,santiago
post,bridge,not urgent,minalin,balingasag
post,bridge,urgent,calamba,padre burgos
post,landslide,not urgent,santo tomas,lucena city
post,earthquake,not urgent,aloguinsan,kabayan
post,landslide,not urgent,san pedro city,compostela
post,brownout,not urgent,himamaylan city,malitbog
post,relief,urgent,candaba,binalonan
post,evac,urgent,malitbog,dupax del norte
post,fire,urgent,santa josefa,arteche
post,brownout,urgent,burgos,palanan
post,not urgent,burgos,pastrana
post,fire,urgent,gubat,hagonoy
post,relief,urgent,bulac,carigara
post,bridge,urgent,duero,aritao
post,uli,rebuken,gubat,karomatan
post,brownout,not urgent,talayan,al-barka
post,brgy,not urgent,guinsiliban,saguiaran
post,relief,urgent,indanan,jaen
post,fire,not urgent,aurora,libertad
post,road,urgent,labangan,santa, city
post,rescue,not urgent,san guillermo,maguing
post,wind,urgent,mabini,san jose city
post,not urgent,bagac,bayawan city
post,health,not urgent,kabuntalan,quezon
post,flood,urgent,kabuntalan,antipolo city
post,fire,urgent,san pablo city,bien unido
post,earthquake,urgent,zaragoza,alimodian
post,landslide,not urgent,tigbao,lumba-bayabao
post,brgy,urgent,pasacao,balindong
post,accident,not urgent,pio v. corpuz,mataasnakahoy
post,health,urgent,solano,molave
post,bridge,not urgent,candon city,calabanga
post,flood,urgent,tandag city,maasim
post,relief,urgent,allacapan,binga,awn
post,brgy,not urgent,san juan,iloilo city
post,fire,urgent,orion,san mateo
post,brgy,urgent,sagay city,batac city
post,road,urgent,san pablo city,cuyo
post,brgy,urgent,malvar,tuguegarao city
post,earthquake,urgent,don mariano marcos,hinoba-an
post,landslide,urgent,la libertad,molave
post,health,not urgent,moises padilla,alcantara
post,rain,urgent,ibaan,san miguel
post,brgy,urgent,busuanga,calape
post,bridge,urgent,capas,quirino
post,bridge,urgent,santa fe,bingawan
post,accident,urgent,bauko,cagayan de oro city
post,bridge,not urgent,jasaan,sugpon
post,road,not urgent,capayas,san juan
post,road,urgent,rapu-rapu,san juan city
post,accident,not urgent,balanga city,sibutad
post,rescue,not urgent,carmona,cabadbaran city
post,evac,urgent,buenavista,indanan
post,rescue,urgent,santa josefa,alabel
post,flood,urgent,salvador,danao city
post,accident,urgent,lamut,la castellana
post,earthquake,urgent,catanauan,sampaloc
post,bridge,urgent,carrascal,pidigan
post,brgy,urgent,laoac,argao
post,landslide,not urgent,bayabas,bombon
post,rescue,not urgent,dauin,san simon
post,landslide,urgent,san enrique,datu saudi-ampatuan
post,brgy,urgent,balbalan,candelaria
post,road,not urgent,prosperidad,tampakan
post,road,urgent,villaba,larena
post,evac,not urgent,santo tomas,palimbang
post,rain,not urgent,bulasa,san juan city
post,earthquake,urgent,pangil,trinidad
post,earthquake,urgent,santa city,alburquerque
post,health,urgent,milagros,magallanes
post,rain,urgent,koronadal city,san manuel
post,earthquake,not urgent,poona piagapo,padre garcia
post,evac,urgent,tubao,salay
post,accident,not urgent,san ildefonso,kalilangan
post,relief,urgent,san jose,old panamao
post,rescue,urgent,dagupan city,tagoloan
post,fire,not urgent,alegria,potia
post,not urgent,manolo fortich,quinapondan
post,fire,urgent,nagcarlan,baganga
post,bari,urgent,currimao,santa, curz
post,brownout,urgent,basco,pulupandan
post,rescue,not urgent,donsol,madridejos
post,bridge,urgent,natimonan,pamplona
post,rescue,not urgent,bansalan,bingawan
post,bridge,not urgent,rosario,maydolong
post,fire,urgent,jomalig,san jose
post,landslide,urgent,san pascual,puerto, city
post,evac,not urgent,narra,tayasan
post,relief,urgent,bago city,pata
post,flood,urgent,mapanas,anahawan
post,bridge,noa,not urgent,san isidro,tanay
post,bora,not urgent,balindong,tinglayan
post,relief,purag,intusan,taa,fe,donsol
post,accident,urgent,casiguran,valenzuela city
post,evac,urgent,manjuyod,albor
post,fire,not urgent,carrascal,culasi
post,rain,urgent,santa margarita,datu piang
post,not urgent,villareal,bulalacao
post,brgy,urgent,datu hoffer ampatuan,mateo
post,health,not urgent,la carlota city,buenavista
post,brownout,not urgent,candaba,san francisco
post,brownout,urgent,polanco,alabel
post,rescue,urgent,tacurong city,caub
post,wind,not urgent,cabuyao city,talaingod
post,wind,not urgent,san juan,pililla
post,brownout,not urgent,san vicente,gattaran
post,rescue,not urgent,san jose,burgos
post,escano,not urgent,pinili,pililla
post,brgy,not urgent,caramoan,gattaran
post,accident,not urgent,guinsiliban,bacungan
post,fire,urgent,bugasong,cagayancillo
post,wind,not urgent,badian,angadanan
post,bridge,urgent,himamaylan city,enrique b. magalona
post,health,urgent,santiago city,gen. s. k. pendatun
post,relief,not urgent,malitbog,gutalac
post,evac,urgent,sulop,alburquerque
post,road,not urgent,alaminos city,sugpon
post,health,not urgent,naic,sofronio española
post,landslide,urgent,vigan city,abra de ilog
post,rescue,not urgent,gen. s. k. pendatun,enrique b. magalona
post,road,not urgent,la carlota city,bangued
post,relief,not urgent,naga city,valenzuela, ciey
post,brownout,not urgent,pipian,dingle
post,bridge,urgent,san narciso,san francisco
post,brgy,not urgent,lumbatan,mendez,-nuã‘ez
post,wind,urgent,libertad,camaligan
post,fire,urgent,hadji muhtamad,balanga city
post,landslide,urgent,san pedro city,aurora
post,bridge,not urgent,san jose,sultan kudarat
post,wind,not urgent,rosario,bantay
post,rescue,not urgent,sevilla,san juan
post,road,not urgent,poona piagapo,caub,lug
post,health,urgent,salcedo,candoni
post,rain,not urgent,midsalip,llanera
post,health,not urgent,talipao,san pablo
post,not urgent,san agustin,tacloban city
post,road,urgent,camaligan,arteche
post,road,urgent,talusan,santiago city
post,brgy,urgent,kauswagan,roxas city
post,road,not urgent,padre garcia,ternate
post,earthquake,not urgent,manila city,mawab
post,brownout,urgent,caloocan city,baritao
post,landslide,urgent,pambujan,dolores
post,wind,urgent,tanauan city,paracale
post,relief,not urgent,plaridel,atimonan
post,earthquake,urgent,hinoba-an,bontoc
post,landslide,not urgent,san miguel,bucay
post,relief,urgent,angeles city,san isidro
post,brownout,urgent,talaingod,digos city
post,accident,not urgent,dinaig,iloilo city
post,relief,urgent,carmen,upi,ã‘an
post,rain,urgent,socorro,benito soliven
post,orok,not urgent,catbalogan city,calapan city
post,brgy,not urgent,macrohon,mendez,-nuã‘ez
post,earthquake,not urgent,san andres,jimalalud
post,brgy,not urgent,barugo,dimataling
post,accident,urgent,kauswagan,madridejos
post,flood,urgent,janiuay,valencia
post,relief,not urgent,janiuay,ligao city
post,wind,urgent,carigara,tarlac city
post,fire,not urgent,abuleg,banna
post,flood,not urgent,lapinig,alaminos
post,accident,not urgent,barcelona,gui,ndluungan
post,health,urgent,cagayan de oro city,locsin
post,earthquake,urgent,pandi,alaminos
post,brownout,not urgent,currimao,biñan city
post,brgy,not urgent,matalam,jasaan
post,bridge,urgent,dumalneg,malolos, aity
post,accident,urgent,pagayawan,impasug-ong
post,fire,urgent,san julian,jasaan
post,accident,not urgent,batuan,anini-y
post,rescue,not urgent,santo tomas,lagonglong
apo,accident,not urgent,lantawan,baganga
post,road,urgent,delfin albano,balete
post,relief,not urgent,sarangani,norala
post,brgy,urgent,bantay,lutayan
post,bridge,not urgent,cortes,tubay
post,wind,urgent,amadeo,kananga
post,bridge,not urgent,narra,marikina city
post,earthquake,urgent,trinidad,tagudin
post,accident,not urgent,argao,tagaytay city
post,rescue,not urgent,santa maria,alaminos city
post,earthquake,urgent,dagupan city,navotas city
post,landslide,urgent,vinzons,la carlota city
post,health,not urgent,daet,lumbaca-unayan
post,flood,not urgent,ipil,balanga city
post,earthquake,not urgent,santa maria,bugasong
post,brownout,urgent,bacoor city,oton
post,landslide,not urgent,sallapadan,langa
post,brgy,urgent,igbaras,solano
post,wind,not urgent,iriga city,silvino lobos
post,health,urgent,laurel,cabiao
post,rain,not urgent,candelaria,ferrol
post,earthquake,not urgent,bayang,ronda
post,landslide,not urgent,bacolod,santa fe
post,brgy,urgent,escalante city,lamut
post,bari,urgent,san rafael,trinidad
post,bridge,not urgent,pipil,gapan city
post,road,not urgent,mamba,piao,,maimbung
post,lewin,not urgent,san manuel,motiong
post,flood,not urgent,duero,tanjay city
post,bridge,urgent,norala,danao
post,relief,not urgent,bangued,san manuel
post,wind,not urgent,babatngon,cabagan
post,relief,urgent,patikul,pinili
post,bridge,urgent,navotas city,malinao
post,flood,not urgent,norzagaray,san guillermo
post,health,not urgent,santiago,albor
post,earthquake,urgent,polillo,maydolong
post,accident,urgent,macalelon,biliran
post,brgy,urgent,lucena city,gingoog city
post,earthquake,not urgent,koronadal city,kapatagan
post,bridge,urgent,ma-ayon,sulop
post,wind,urgent,balindong,dumanjug
post,earthquake,urgent,tangalan,cebu city
post,brgy,not urgent,alicia,mayoyao
post,landslide,urgent,cuenca,san benito
post,health,not urgent,guindulungan,floridablanca
post,wind,urgent,nabua,mina
post,earthquake,urgent,kapalong,hagonoy
post,brgy,urgent,pipian,pontevedra
post,accident,urgent,paracale,san jose
post,fire,not urgent,buenavista,bayabas
post,rescue,not urgent,bani,loboc
post,health,not urgent,jala-jala,pandan
post,brownout,urgent,mataasnakahoy,kawit
post,earthquake,not urgent,tapul,morong
post,rescue,not urgent,concepcion,anahawan
post,evac,not urgent,liargo,bulan
post,landslide,urgent,isabel,mina
post,wind,not urgent,labo,colase
post,road,not urgent,roxas,molave
post,parian,not urgent,lamut,san benito
post,wind,not urgent,tabuk city,angeles city
post,brgy,not urgent,clarin,oroquieta city
post,accident,urgent,sanchez-mira,roxas city
post,evac,urgent,lapu-lapu city,cagayan de oro city
post,health,not urgent,gingoog city,naujan
post,road,not urgent,rapu-rapu,maasim
post,flood,urgent,mahinog,san miguel
post,relief,urgent,dumanjug,tumauini
post,wind,not urgent,bantol,cavinti
post,landslide,not urgent,concepcion,bayawan city
post,relief,urgent,pilar,pagudpud
post,fire,not urgent,maydolong,sen. ninoy aquino
post,brgy,urgent,laak,lacnog
post,brownout,not urgent,sisay,san antonio
post,wind,urgent,pililla,malay
post,flood,urgent,baler,sipalay city
post,rain,not urgent,sual,maibo
post,pian,not urgent,governor generoso,jasaan
post,bridge,urgent,marunggas,aurora
post,brownout,not urgent,malabon city,tanjay city
post,relief,urgent,burauen,badian
post,road,urgent,tungawan,ilagan city
post,evac,urgent,mariano marcos,malolos city
post,health,urgent,sultan gumander,don mariano marcos
post,relief,urgent,guinsiliban,candoni
post,health,not urgent,ternate,dilasag
post,brownout,urgent,quezon,koronadal city
post,landslide,urgent,quezon city,tubao
post,bridge,urgent,lumba-bayabao,rizal
post,evac,urgent,bautista,manolo fortich
post,relief,not urgent,tagbilaran city,lutayan
post,rescue,urgent,kitaotao,santo tomas
post,road,urgent,carcar city,burauen
post,bridge,not urgent,bani,san miguel
post,accident,not urgent,san fernando city,la paz
post,evac,not urgent,mercedes,kibawe
post,flood,not urgent,ragay,mahinog
post,evac,not urgent,kasibu,catarman
post,bridge,urgent,bulan,palimbang
post,rescue,not urgent,la paz,banton
post,accident,urgent,ranao,ano,,montalban
post,relief,urgent,natividad,lumbaca-unayan
post,fire,not urgent,camalaniugan,san andres
post,brownout,urgent,san antonio,santa rita
post,relief,urgent,villaverde,wao
post,brgy,not urgent,kasibu,tayabas city
post,evac,not urgent,sampaloc,guinayangan
post,relief,not urgent,san carlos city,catarman
post,accident,urgent,indanan,dolores
post,landslide,not urgent,kidapawan city,tarangnan
post,rain,not urgent,dupax del norte,lemery
post,relief,not urgent,benito soliven,murcia
post,relief,not urgent,taguig city,lapinig
post,rescue,not urgent,surigao city,quezon city
post,flood,urgent,del carmen,santo tomas
post,landslide,urgent,parañaque city,san policarpo
post,bridge,urgent,pudtol,digos city
post,landslide,not urgent,lamitan city,san juan
post,flood,urgent,talisay,biñan city
post,rain,urgent,kauswagan,tagum city
pasta,not urgent,looc,la libertad
post,flood,not urgent,buug,alicia
post,road,not urgent,san julian,pe??aranda
post,relief,urgent,santa city,balabagan
post,landslide,not urgent,kauswagan,matungao
post,landslide,not urgent,mambusao,escalante city
post,landslide,urgent,akbar,lapinig
post,flood,not urgent,garcia hernandez,dumarao
post,brownout,urgent,t'boli,siay
post,earthquake,not urgent,talisay city,san juan
post,landslide,not urgent,pudtol,santo tomas
post,earthquake,not urgent,sierra bullones,san rafael
post,rain,not urgent,laguindingan,tanay
post,relief,not urgent,maganoy,maddela
post,rescue,urgent,san andres,moises padilla
post,earthquake,urgent,buenavista,olongapo city
post,road,urgent,buguias,san lorenzo
post,fire,urgent,cadiz city,looc
post,fire,not urgent,san fernando,mambusao
post,brownout,not urgent,candaba,ponot
post,brgy,not urgent,mariveles,cagwait
post,health,not urgent,boston,san felipe
post,evac,not urgent,dagohoy,paracale
post,rescue,not urgent,bobon,lemery
post,relief,urgent,bitulok & sabani,lumbatan
post,earthquake,urgent,tampilisan,maydolong
post,relief,not urgent,paoay,santa ana
post,ebro,not urgent,bayabas,natividad
post,brownout,not urgent,angeles city,cabiao
post,fire,not urgent,ormoc city,juban
post,rescue,urgent,bataraza,liwan
post,rescue,urgent,talay,orion
post,landslide,urgent,dila,asgad,olores
post,wind,not urgent,barcelona,el salvador city
post,wind,urgent,victoria,bulan
post,rain,urgent,bislig city,poro
post,brownout,not urgent,catanauan,santo domingo
post,accident,not urgent,abra de ilog,butuan city
post,rain,not urgent,navotas city,don marcelino
post,evac,not urgent,mambajao,sibutad
post,earthquake,not urgent,calatrava,basista
post,earthquake,not urgent,matanao,pinukpuk
post,relief,urgent,janiuay,malvar
post,brgy,urgent,castillejos,malitbog
post,earthquake,not urgent,gitagum,manay
post,landslide,not urgent,bambang,gitagum
ponot,health,urgent,sison,esperanza
post,flood,urgent,baliguian,capas
post,brgy,margen,alimodian,bacnotan
post,flood,not urgent,tapul,agoncillo
post,wind,not urgent,pidigan,kalilangan
post,landslide,urgent,rosario,lamitan city
post,brgy,urgent,talipao,danglas
post,landslide,urgent,kalilangan,dumalneg
post,road,urgent,liliw,narra
post,evac,not urgent,bayugan city,santa cruz
post,health,urgent,carrascal,coron
post,earthquake,not urgent,tabango,kiamba
post,road,not urgent,gamu,ginatilan
post,landslide,not urgent,sevilla,santa josefa
post,accident,not urgent,baganga,tabuk city
post,bridge,not urgent,boton,santa ana
post,bridge,not urgent,mabini,mobo
post,brgy,urgent,vincenzo a. sagun,san luis
post,brownout,urgent,victorias city,cabugao
post,health,not urgent,san rafael,bucay
post,flood,urgent,maasin city,san enrique
post,rescue,urgent,san francisco,kasibu
post,landslide,not urgent,hadji muhtamad,calintaan
post,landslide,not urgent,bantay,batac city
post,wind,urgent,binalonan,gandara
post,rain,urgent,doña alicia,anini-y
post,landslide,not urgent,santa fe,lipa city
post,rescue,not urgent,rizal,batac city
post,relief,urgent,malabang,cabatuan
post,sebac,not urgent,datu,datu hoffer ampatuan,carmen
post,earthquake,datu anggal midtimbang,ipil
post,evac,urgent,san jose city,urdaneta city
post,accident,not urgent,malay,lagonglong
post,wind,urgent,san miguel,norzagaray
post,road,urgent,sarrat,pantao ragat
post,morado,urgent,natimonan,rosario
post,landslide,urgent,dinas,tinglayan
post,not urgent,isulan,ternate
post,flood,urgent,sagada,calatrava
post,not urgent,tuba,isulan
post,landslide,urgent,santa teresita,san ildefonso
post,fire,urgent,oroquieta city,samal
post,evac,urgent,malilipot,quinapondan
post,health,ueg,renti,rugao,quezon
post,rescue,not urgent,taytay,dumalneg
post,flood,not urgent,sudipen,dapitan city
post,bridge,urgent,concepcion,pilar
post,rain,not urgent,altavas,claveria
post,fire,urgent,guindulungan,bagac
post,relief,not urgent,carasi,sibonga
post,landslide,urgent,santa ana,locsin
post,rescue,urgent,san joaquin,manila city
post,rain,urgent,prosperidad,malabang
post,road,ueg,renti,dapa,,itogun
post,accident,urgent,masantol,kolambugan
post,landslide,urgent,san miguel,quezon city
post,brownout,not urgent,la castellana,naga city
post,brownout,not urgent,baliguian,cagwait
post,fire,not urgent,patikul,santa maria
post,accident,urgent,panitan,magsaysay
post,fire,urgent,danglas,m'lang
polot,brownout,not urgent,victoria,concepcion
post,brownout,not urgent,mariveles,badian
post,earthquake,not urgent,santa magdalena,sibagat
post,rain,urgent,masiu,maly,a
post,health,not urgent,iloilo city,barira
post,brownout,not urgent,lipa city,borongan city
post,bridge,urgent,samal,ferrol
post,health,not urgent,mulondo,carasi
post,landslide,urgent,limasawa,ligao city
post,landslide,not urgent,bangued,magallanes
post,relief,urgent,mendez,santo domingo
post,brgy,urgent,calatagan,general luna
post,flood,urgent,malapatan,baloi
post,brownout,urgent,manlin,san miguel
post,landslide,not urgent,dauin,daet
post,fire,urgent,binalonan,cagayancillo
post,earthquake,not urgent,sudipen,caloocan city
post,bridge,not urgent,jipapad,conner
post,earthquake,not urgent,san fernando,bien unido
post,matain,urgent,makato,pikit
post,brgy,not urgent,caloocan,ungkaya pukan
post,evac,not urgent,bongabong,alimodian
post,bridge,urgent,naga city,mayoyao
post,brownout,not urgent,conner,makati city
post,bridge,not urgent,dilasag,bacolod city
post,accident,urgent,gigaquit,daet
post,accident,not urgent,canaman,makati city
post,landslide,urgent,san remigio,datu anggal midtimbang
post,bridge,not urgent,linamon,lupi
post,rain,not urgent,mulondo,looc
post,fire,not urgent,bontoc,general macarthur
post,earthquake,urgent,polanco,gamu
post,earthquake,urgent,asuncion,camaligan
post,brgy,urgent,malay,norzagaray
post,brgy,urgent,san juan city,poona piagapo
post,relief,not urgent,igbaras,narra
post,fire,not urgent,tagum city,bugasong
post,landslide,not urgent,albor,alcala
post,bridge,urgent,santa maria,perez
post,flood,urgent,pandi,abra de ilog
post,brownout,not urgent,dinaig,malvar
post,flood,urgent,rosario,mambusao
post,relief,urgent,iloilo city,m'lang
post,ora,not urgent,placer,bucay
post,wind,urgent,atimonan,sulop
post,flood,not urgent,adams,gamu
post,fire,not urgent,motiong,kauswagan
post,road,not urgent,bauko,parañaque city
post,road,urgent,isulan,upi
post,wind,not urgent,legazpi,moises padilla
post,flood,urgent,kabayan,buenavista
post,brgy,not urgent,balabagan,san miguel
post,earthquake,not urgent,las piñas city,parang
post,brgy,urgent,san juan,cainta
post,brgy,not urgent,baler,santa, city
post,road,not urgent,banton,gigaquit
post,brownout,urgent,pamplona,san pascual
post,evac,not urgent,dinagat,bula
post,noa,urgent,lingayen,legazpi city
post,bridge,urgent,buug,clarin
post,fire,urgent,south ubian,kabankalan city
post,bridge,urgent,talisay city,malapatan
post,accident,urgent,busuanga,don marcelino
post,brownout,not urgent,diadi,sapao
post,evac,urgent,nagcarlan,moises padilla
post,relief,not urgent,las nieves,mapanas
post,brgy,urgent,general nakar,marikina city
post,flood,urgent,san isidro,ragay
post,evac,not urgent,lumbaca-unayan,bindoy
post,accident,urgent,loreto,compostela
post,brownout,not urgent,la libertad,luna
post,evac,urgent,moises padilla,braulio e. dujali
post,relief,urgent,tabuan-lasa,rapu-rapu
post,bridge,not urgent,kabuntalan,hagonoy
post,flood,not urgent,alburquerque,kapalong
post,wind,not urgent,el salvador city,candoni
post,rain,urgent,sison,tubod
post,accident,urgent,compostela,mabini
post,health,urgent,pandag,veruela
post,bridge,urgent,orani,aparri
post,bridge,urgent,kadingilan,laoag city
post,brgy,not urgent,tanjay city,tigbao
post,brgy,not urgent,dolores,candaba
post,evac,not urgent,tarlac city,cabugao
post,landslide,urgent,lubao,legazpi city
post,relief,urgent,santa barbara,laoac
post,road,urgent,malay,sampaloc
post,rescue,urgent,piat,san jose
post,relief,not urgent,gen. s. k. pendatun,alfonso castaneda
post,rain,urgent,mondragon,bakun
post,health,urgent,mexico,san lorenzo
post,bora,urgent,galimuyod,lapu-lapu city
post,health,not urgent,cuenca,impasug-ong
post,relief,urgent,pitogo,bombon
post,wind,urgent,ibaan,camalaniugan
post,earthquake,not urgent,dauin,liwan
post,not urgent,arakan,cuba
post,earthquake,urgent,naga city,rapu-rapu
post,accident,not urgent,medina,san francisco
post,bridge,urgent,butuan city,san dionisio
post,evac,urgent,bato,san isidro
post,bari,not urgent,lagonglong,quinapondan
post,road,not urgent,kitaotao,sumisip
post,fire,not urgent,matnog,baras
post,brownout,urgent,omar,zaragoza
post,relief,not urgent,cabiao,dumaguete city
post,wind,urgent,sagbayan,cauayan city
post,evac,urgent,lidlidda,bucaya
post,wind,not urgent,himamaylan city,tagudin
post,relief,urgent,allacapan,ligao city
post,flood,urgent,amadeo,basilisa
post,evac,urgent,san felipe,gubat
post,rain,not urgent,pilar,pandag
post,flood,urgent,presentacion,san pablo
post,brownout,urgent,lagawe,parang
post,wind,urgent,infanta,puti
post,accident,not urgent,lumbatan,lagawe
post,flood,urgent,san isidro,san manuel
post,landslide,not urgent,isabel,tadian
post,rescue,urgent,pasay city,mapun
post,bridge,urgent,santa rita,san antonio
post,brownout,not urgent,tagum city,guindulungan
post,rescue,not urgent,cabadbaran city,doña alicia
post,brgy,urgent,omar,placer
post,brownout,urgent,esperanza,almagro
post,earthquake,not urgent,sevilla,donsol
post,fire,urgent,rosario,pandi
post,brgy,not urgent,bindoy,larena
post,fire,urgent,banaue,cauayan city
post,evac,not urgent,victoria,naga city
post,brownout,not urgent,pantukan,pinamalayan
post,brgy,not urgent,masantol,maguing
post,upi,not urgent,binalonan,sultan kudarat
post,relief,urgent,cervantes,manticao
post,flood,not urgent,mapun,isabel
post,accident,not urgent,ponot,san marcelino
post,rescue,not urgent,manaoag,gapan,scity
post,flood,not urgent,magdalena,balatan
post,rain,urgent,general luna,taguig city
post,rescue,not urgent,coron,bantay
post,evac,urgent,bantay,santiago
post,health,urgent,bacolod,bacolod city
post,brownout,not urgent,buenavista,madridejos
post,flood,urgent,samal city,buad,iposo-buntogn
post,earthquake,urgent,kitaotao,cainta
post,landslide,not urgent,matanao,linamon
post,earthquake,not urgent,san pedro city,dimataling
post,fire,not urgent,antipas,san simon
post,accident,urgent,asipulo,anda
post,accident,urgent,gutalac,maguing
post,accident,not urgent,bitulok & sabani,tagbilaran city
post,rescue,not urgent,naga,pagsanghan
post,brownout,urgent,sison,surigao city
post,fire,urgent,general luna,santa magdalena
post,health,not urgent,silago,sagada
post,evac,not urgent,sampaloc,minalin
post,brownout,not urgent,gapan city,benito soliven
post,wind,not urgent,general city,san juan
post,brgy,not urgent,cuyo,sexmoan
post,health,urgent,biñan city,motiong
post,landslide,not urgent,tuburan,aglipay
post,wind,not urgent,pitogo,dalag,uene
post,earthquake,urgent,gandara,laua-an
post,earthquake,urgent,ponot,san pedro city
post,flood,urgent,libagon,culasi
post,relief,not urgent,pidigan,kauswagan
post,health,urgent,cabadbaran city
post,brownout,not urgent,nagcarlan,angono
post,accident,not urgent,bien unido,plaridel
post,brgy,not urgent,camaligan,mobo
post,fire,urgent,san mateo,calape
post,brownout,urgent,gerona,bumbaran
post,fire,urgent,jordan,licuan-baay
post,evac,urgent,new bataan,nabua
post,brownout,not urgent,kauswagan,laua-an
post,brownout,not urgent,san manuel,tomas oppus
post,fire,not urgent,quinapondan,pilar
post,bridge,urgent,balanga city,tanay
post,relief,urgent,panitan,molave
post,health,not urgent,catigbian,bucay
post,bridge,urgent,kawit,aguilar
post,earthquake,not urgent,anahawan,norzagaray
post,rain,urgent,candoni,mangudadatu
post,wind,not urgent,la carlota city,cagayancillo
post,earthquake,not urgent,banton,papaya
post,earthquake,not urgent,languyan,mandaluyong city
post,bari,not urgent,bakun,tudela
ponot,fire,not urgent,bingawan,pinamalayan
post,landslide,not urgent,medina,tabuk city
post,bridge,not urgent,carmona,barira
post,fire,not urgent,maragusan,passi city
post,rain,urgent,malinao,siocon
post,bridge,not urgent,dipolog city,iligan city
post,health,urgent,sorsogon city,alicia
post,earthquake,urgent,bontoc,bato
post,earthquake,not urgent,tuguegarao city,rosario
post,road,urgent,palayan city,linugos
post,health,not urgent,calapan city,angadanan
post,fire,urgent,boston,balindong
post,wind,urgent,butuan city,linamon
post,flood,urgent,cabuyao city,talipao
post,earthquake,not urgent,burgos,magpet
post,road,urgent,bongabong,maragusan
post,evac,not urgent,malalag,calape
post,rain,urgent,matanao,jala-jala
post,brownout,not urgent,agutaya,sibulan
post,relief,urgent,vinzons,pagagawan
post,landslide,urgent,ulay,cubay
post,brownout,not urgent,banga,siquijor
post,health,not urgent,guinsiliban,naic
post,earthquake,urgent,cagayancillo,villaverde
post,landslide,urgent,jaen,pitogo
post,asin,urgent,dipolog city,gapan city
post,road,not urgent,butuan city,himamaylan city
post,evac,urgent,santa maria,abulug
post,flood,not urgent,rosario,san julian
post,brgy,virgen,manolo fortich,sabtang
post,landslide,not urgent,laoac,bindoy
post,brgy,not urgent,catubig,passi city
post,bridge,not urgent,calamba city,san luis
post,rescue,urgent,padre burgos,lebak
post,flood,not urgent,montalban,bacoor city
post,accident,not urgent,muntinlupa city,duat
post,not urgent,omar,languyan
post,brgy,not urgent,quezon,malitbog
post,rescue,urgent,tarangnan,bacolod grande
post,accident,urgent,tapul,sigma
post,road,urgent,kalawit,san juan
post,rescue,urgent,pugo,pagsanghan
post,landslide,not urgent,bulan,libungan
post,relief,urgent,lumba-bayabao,santo domingo
post,brgy,urgent,la paz,san andres
post,road,not urgent,san isidro,batangas city
post,landslide,urgent,calamba city,don marcelino
post,evac,not urgent,asuncion,bayang
post,relief,not urgent,bayag,bien unido
post,health,not urgent,calumpit,naic
post,earthquake,not urgent,orani,tayug
post,rescue,not urgent,lagonglong,tacloban city
post,fire,urgent,calatrava,norala
post,brownout,urgent,carcar city,kabankalan city
post,road,urgent,calamba city,alicia
post,wind,urgent,badoc,sanchez-mira
post,brownout,urgent,tagudin,bulalacao
post,health,urgent,dumanjug,t'boli
post,wind,not urgent,claveria,norzagaray
post,road,urgent,pipil,isabela city
post,accident,urgent,rizal,santa fe
post,earthquake,urgent,agutaya,angono
post,brgy,not urgent,quezon city,pantukan
post,bridge,not urgent,delfin albano,arakan
post,bridge,not urgent,janiuay,boton
post,rain,urgent,lemery,parang
post,flood,urgent,sibonga,victoria
post,road,urgent,santo ni??o,adams
post,flood,urgent,buguias,gloria
post,brgy,urgent,sultan mastura,liargo
post,rain,urgent,arakan,pontevedra
post,fire,urgent,sagay city,tukuran
post,relief,urgent,kabayan,aparri
post,road,not urgent,angeles city,lantawan
post,relief,urgent,akbar,coron
post,accident,not urgent,san joaquin,karomatan
post,bridge,urgent,valladolid,datu anggal midtimbang
post,health,urgent,san agustin,guimba
post,accident,urgent,reina mercedes,valderrama
post,brownout,not urgent,urdaneta city,sagay city
post,health,not urgent,leon,bugho
post,accident,not urgent,tangub city,abulug
post,bridge,not urgent,las piñas city,naic
post,road,urgent,buruanga,hadji muhtamad
post,evac,urgent,buguias,m'lang
post,earthquake,not urgent,talayan,ternate
post,brgy,urgent,zumarraga,lezo
post,flood,not urgent,lamitan city,ferrol
post,earthquake,urgent,enrique villanueva,calauan
post,bora,not urgent,bauan,sagay city
post,aring,urgent,san vicente,pastrana
post,fire,not urgent,bigaa,talisay city
post,bridge,urgent,siayan,gaddanan
post,rain,not urgent,san miguel,naga city
post,fire,not urgent,pandan,alegria
post,earthquake,not urgent,hagonoy,sigma
post,wind,urgent,dapitan city,jipapad
post,health,urgent,badoc,san roque
post,landslide,urgent,san felipe,pontevedra
post,evac,urgent,sindangan,san jose
post,flood,not urgent,silvino lobos,licuan-baay
post,relief,urgent,bulan,lacub
post,accident,urgent,santo domingo,buguias
post,road,not urgent,lianga,tudela
post,landslide,urgent,buguias,allacapan
post,health,urgent,san andres,san marcelino
post,flood,not urgent,bayag,jasaan
post,accident,urgent,buug,baco,ntan
post,rain,not urgent,pitogo,bislig city
post,wind,urgent,patikul,naga city
post,brgy,not urgent,josefina,payo
post,wind,not urgent,cabanatuan city,san carlos city
post,oro,not urgent,abulug,quezon
post,rain,not urgent,bonifacio,sexmoan
post,rain,not urgent,general city,mambajao
post,rain,not urgent,buenavista,rosario
post,evac,not urgent,pasig city,isulan
post,brownout,urgent,carasi,libon
post,rescue,urgent,jasaan,donsol
post,health,urgent,enrique b. magalona,narra
post,flood,urgent,liargo,pozorrubio
post,fire,urgent,tina,tua,njala-jala
post,accident,not urgent,galimuyod,conner
post,brownout,not urgent,sominot,dilasag
post,relief,not urgent,magdalena,san miguel
post,earthquake,urgent,uson,santa teresita
post,health,not urgent,bato,lawaan
post,earthquake,urgent,lebak,tapul
post,brownout,not urgent,aleosan,libagon
post,ebro,bridge,urgent,padre burgos,,baler
post,flood,virgen,delfin albano,amadeo
post,road,urgent,hilongos,gigaquit
post,bridge,urgent,danao city,san miguel
post,earthquake,urgent,sultan gumander,bucay
post,road,not urgent,san jose city,bacolod grande
post,brgy,not urgent,trinidad,kapatagan
post,landslide,not urgent,bagna,moises padilla
post,brgy,urgent,guinsiliban,talisay city
post,rescue,not urgent,pambujan,san juan city
post,fire,urgent,isabela city,poona bayabao
post,brgy,not urgent,manjuyod,lal-lo
post,wind,urgent,malapatan,pikit
post,evac,urgent,santa josefa,cagayan de oro city
post,not urgent,minalin,santolan,imbo
post,earthquake,not urgent,dumaguete city,bugso
post,bridge,margen,polillo,santa fe
post,wind,urgent,tarece city,polanco
post,landslide,urgent,del carmen,dolores
post,road,not urgent,passi city,marikina city
post,fire,not urgent,zumarraga,medina
post,brownout,urgent,dinagat,bauan
post,health,not urgent,san carlos city,silay city
post,accident,not urgent,jordan,payao
post,rescue,urgent,santa city,almagro
post,wind,urgent,isabel,sinacaban
post,fire,not urgent,dasol,koronadal city
post,bridge,urgent,papaya,malolos city
post,evac,not urgent,pulupandan,talisay city
post,brownout,urgent,pangutaran,candoni
post,bridge,not urgent,gerona,lutayan
post,landslide,urgent,antipas,santo ni??o
post,health,urgent,old panamao,malaybalay city
post,brgy,urgent,himamaylan city,nasipit
post,earthquake,not urgent,pandan,sibagat
post,landslide,urgent,tampakan,polanco
post,relief,urgent,sual,allacapan
post,accident,urgent,ilagan city,la castellana
post,relief,urgent,corcuera,balete
post,brgy,urgent,capul,mina
post,rain,urgent,cabatuan,maria
post,road,urgent,agutaya,payo
post,evac,not urgent,malinao,malabang
post,brgy,urgent,pasacao,alabel
post,wind,not urgent,claveria,magsaysay
post,rescue,not urgent,pagbilao,nasipit
post,earthquake,urgent,marunggas,san miguel
post,accident,urgent,baler,bogo city
post,health,urgent,dumarao,suyo
post,relief,not urgent,san isidro,ampatuan
post,accident,not urgent,santa ana,badian
post,health,urgent,candoni,hadji muhtamad
post,landslide,not urgent,silay city,dasmariñas city
post,wind,urgent,guiuan,san policarpo
post,relief,urgent,rizal,tayasan
post,accident,urgent,marilao,bantay
post,not urgent,baler,president roxas
post,wind,urgent,isulan,guindulungan
post,landslide,not urgent,mabuhay,san guillermo
post,road,not urgent,badoc,kabacan
post,brownout,not urgent,san luis,kauswagan
post,earthquake,not urgent,dumalneg,mabini
post,wind,urgent,loreto,mapun
post,road,urgent,amadeo,carmen
post,brownout,urgent,palompon,mapanas
post,rescue,not urgent,silay,benito soliven
post,rescue,not urgent,cabagan,rapu-rapu
post,relief,not urgent,la paz,san isidro
post,health,urgent,albor,nabua
post,road,urgent,bauko,oroquieta city
post,relief,urgent,orani,bacnotan
post,inroad,not urgent,ragay,san juan
post,landslide,urgent,motiong,badoc
post,relief,urgent,himamaylan,cutay,cavinti
post,evac,not urgent,infanta,san jose
post,relief,urgent,tadian,dasmariñas city
post,bora,urgent,san jose city,polillo
post,not urgent,maitum,zumarraga
post,road,not urgent,buenavista,lamitan city
post,rain,urgent,san jose,las nieves
post,not urgent,talusan,zamboanga city
post,flood,urgent,impasug-ong,naga
post,not urgent,santa magdalena,ginatilan
post,bridge,not urgent,poona piagapo,ozamiz city
post,fire,not urgent,bugasong,san ildefonso
post,rescue,urgent,datu anggal midtimbang,trinidad
post,wind,urgent,salvador,talisay
post,health,not urgent,currimao,loay
post,landslide,urgent,barotac viejo,laua-an
post,earthquake,not urgent,legazpi city,toboso
post,rain,not urgent,malay,bayombong
post,kinura,dupax del norte,basilisa
post,rain,urgent,linugos,hinoba-an
post,relief,not urgent,panglima estino,sominot
post,fire,not urgent,balangiga,lamitan city
post,landslide,urgent,talayan,malolos city
post,health,not urgent,tinambac,villareal
post,brownout,not urgent,angono,tabuk city
post,fire,not urgent,pang,lima, estinobaler
post,brgy,urgent,kadingilan,sinacaban
post,earthquake,not urgent,coron,looc
post,nawi,not urgent,palayan city,santa rita
post,health,not urgent,bura,jaen,mobo
post,accident,urgent,boliney,kabuntalan
post,relief,urgent,solano,bautista
post,road,not urgent,malapatan,liloan
post,health,not urgent,urdaneta city,dagupan city
post,relief,urgent,santa fe,baybay city
post,landslide,urgent,clarin,binalonan
post,relief,urgent,libertad,san andres
post,accident,urgent,linamon,guinayangan
post,wind,urgent,santo domingo,basista
post,evac,urgent,san antonio,santa, joseaf
post,bridge,not urgent,bagac,sumisip
post,landslide,urgent,palayan,sultan gumander
post,orani,urgent,lamut,sexmoan
post,health,urgent,calamba city,tampilisan
post,landslide,urgent,kawit,concepcion
post,bridge,not urgent,calamba,bayombong
post,accident,urgent,pagadian city,benito soliven
post,brownout,urgent,san vicente,bacarra
post,evac,urgent,hingyon,butuan city
post,road,urgent,talayan,muntinlupa city
post,health,not urgent,aurora,guiuan
post,bridge,urgent,malitbog,capas
post,evac,not urgent,legazpi city,initao
post,bridge,not urgent,danao,talipao
post,flood,not urgent,basilisa,leon
post,health,not urgent,talisay,palapag
post,fire,not urgent,impasug-ong,pagagawan
post,wind,urgent,santa fe,pilar
post,landslide,not urgent,manjuyod,pikit
post,flood,not urgent,bumbaran,mondragon
post,relief,urgent,batad,sindangan
post,wind,urgent,pe??aranda,batuan
post,landslide,not urgent,barotac viejo,san miguel
post,flood,urgent,malolos city,pinili
post,brgy,not urgent,agoncillo,sibulan
post,fire,urgent,tobias fornier,mahatao
post,flood,not urgent,barotac viejo,general luna
post,rescue,urgent,tibiao,antipolo city
post,landslide,not urgent,tago,delfin albano
post,bridge,urgent,luba,tinoc
post,landslide,not urgent,perez,santa fe
post,evac,not urgent,san mateo,mangudadatu
post,brgy,urgent,padre garcia,titay
post,fire,not urgent,santa cruz,mondragon
post,relief,not urgent,casiguran,concepcion
post,bridge,not urgent,pamplona,pugo
post,not urgent,aleosan,naic
post,brownout,not urgent,tayabas city,upi
post,health,urgent,ma-ayon,san pascual
post,relief,urgent,jipapad,tacurong city
post,brownout,not urgent,talisay city,governor generoso
post,evac,urgent,pandi,liargo
post,relief,not urgent,arteche,karomatan
post,brownout,urgent,talitay,banga
post,evac,urgent,bongabong,cuyo
post,flood,not urgent,kitaotao,tobias fornier
post,wind,not urgent,minalin,bobon
post,fire,urgent,dagohoy,dumalneg
post,wind,not urgent,talalora,tuburan
post,brgy,not urgent,matalam,naujan
post,rain,urgent,gutalac,valencia
post,wind,urgent,caramoan,malabang
post,wind,not urgent,rizal,kidapawan city
post,earthquake,not urgent,loreto,cavite city
post,bridge,urgent,tagoloan,san vicente
post,landslide,not urgent,bugasong,sagay city
post,earthquake,not urgent,zumarraga,mapun
post,earthquake,urgent,aleosan,rosario
post,wind,urgent,malabon city,biñan city
post,landslide,urgent,baras,lamitan city
post,acli,deit,not urgent,banton,,balanga city
post,wind,not urgent,buadiposo-buntong,cotabato city
post,landslide,not urgent,catarman,candelaria
post,brownout,urgent,pantukan,iligan city
post,earthquake,urgent,tagaytay city,floridablanca
post,brownout,not urgent,gamu,malapatan
post,flood,urgent,cabiao,makati city
post,bridge,margen,ayungon,concepcion
post,flood,urgent,claveria,sindangan
post,pood,not urgent,gen. s. k. pendatun,isabela city
post,rain,urgent,asug,baybay city
post,evac,urgent,bambang,mataasnakahoy
post,relief,not urgent,san fernando city,norzagaray
post,bridge,urgent,sultan kudarat,cotabato city
post,bridge,urgent,concepcion,sumisip
post,rain,not urgent,licuan-baay,cavite city
post,accident,urgent,kawit,mambajao
post,road,urgent,malvar,enrique b. magalona
post,relief,not urgent,calapan city,candaba
post,flood,not urgent,zamboanga city,calintaan
post,accident,not urgent,tinglayan,jimalalud
post,health,urgent,urdaneta city,victoria
post,wind,urgent,sominot,magsaysay
post,earthquake,not urgent,san ildefonso,mendez,-nuã‘ez
post,brownout,not urgent,san julian,bataraza
post,relief,urgent,manay,barira
post,brgy,urgent,buadiposo-buntong
post,not urgent,lawaan,estancia
post,relief,not urgent,maddela,linamon
post,fire,not urgent,roxas,santa maria
post,evac,not urgent,mayoyao,dauin
post,wind,not urgent,lumbatan,calbayog city
post,landslide,not urgent,trinidad,sapang dalaga
post,health,urgent,cabadbaran city,hermosa
post,brownout,urgent,santa magdalena,nagcarlan
post,bridge,urgent,aleosan,siocon
post,rescue,urgent,sapang dalaga,valencia
pasta,relief,urgent,koronadal city,marcos
post,bridge,urgent,bansalan,malitbog
post,evac,not urgent,pagayawan,castillejos
post,earthquake,not urgent,bato,lugus
post,wind,urgent,victoria,tagoloan
post,accident,not urgent,lebak,pagayawan
post,not urgent,tarectec,itab,inga,wan
post,flood,not urgent,dasol,veruela
post,flood,urgent,sultan mastura,aguilar
post,bridge,urgent,minalin,parañaque city
post,health,urgent,santo tomas,palompon
post,bridge,not urgent,santa cruz,quezon
post,rain,urgent,palompon,bonifacio
post,landslide,urgent,dauin,pandag
post,rescue,not urgent,la castellana,tabogon
post,bridge,urgent,tago,dagohoy
post,landslide,urgent,la carlota city,general nakar
post,brgy,not urgent,barira,hinatuan
post,wind,urgent,kabacan,cagwait
post,fire,urgent,gingoog city,rapu-rapu
post,bridge,urgent,malapatan,care,mn
post,relief,urgent,laurel,san esteban
post,rescue,not urgent,dumalag,malvar
post,relief,urgent,mawab,santo domingo
post,health,not urgent,san vicente,san carlos city
post,relief,not urgent,san juan,ozamiz city
post,rain,not urgent,santo ni??o,basco
post,earthquake,not urgent,marabut,pasay city
post,evac,pura,lamitan city,nasipit
post,rain,not urgent,balete,nueva era
post,accident,not urgent,noa,nagcarlan,isabel
post,wind,urgent,pasacao,tarangnan
post,rescue,urgent,dasmariñas city,santo tomas
post,fire,urgent,alegria,sofronio española
post,rescue,not urgent,lacub,matnog
post,rescue,not urgent,upi,asuncion
post,accident,not urgent,liloan,valladolid
post,fire,urgent,olongapo city,numancia
post,fire,urgent,infanta,kabuntalan
post,rescue,not urgent,malay,cabanglasan
post,evac,urgent,imelda,governor generoso
post,road,urgent,bataraza,santo tomas
post,rain,not urgent,amadeo,iriga city
post,health,not urgent,guinsiliban,antipas
post,landslide,not urgent,san juan city,toboso
post,accident,urgent,pamplona,danglas
post,bridge,urgent,pinukpuk,datu anggal midtimbang
post,road,urgent,president roxas,baco,ong
post,uba,urgent,san vicente,jasaan
post,wind,not urgent,talayan,datu saudi-ampatuan
post,brgy,urgent,cavinti,concepcion
post,landslide,not urgent,san fernando,pagayawan
post,rain,urgent,jomalig,calauan
post,landslide,not urgent,general,tulnac,lipa city
post,rain,not urgent,dimataling,silay city
post,evac,urgent,akbar,calatagan
post,health,urgent,la paz,tublay
post,brgy,not urgent,malvar,alaminos
post,brgy,not urgent,datu piang,catubig
post,accident,urgent,bacong,tayabas city
post,rescue,not urgent,biri,ubay
post,accident,urgent,sultan kudarat,roxas
post,road,urgent,aurora,san luis
post,road,not urgent,tumauini,guinayangan
post,bridge,urgent,arteche,villareal
post,accident,not urgent,padre garcia,catbalogan city
post,evac,urgent,marunggas,kibungan
post,accident,urgent,carmen,san jose
post,accident,not urgent,victoria,baguio city
post,brgy,urgent,marikina city,lezo
post,landslide,urgent,balungao,valenzuela city
post,landslide,not urgent,mahatao,tungawan
post,brgy,not urgent,bacarra,balanga city
post,bridge,not urgent,motiong,pamplona
post,accident,not urgent,tanjay city,molave
post,accident,urgent,quezon,catarman
post,rescue,urgent,mariano marcos,tagbina
post,fire,not urgent,basilisa,san simon
post,earthquake,not urgent,bayang,old panamao
post,health,not urgent,santa teresita,mercedes
post,landslide,not urgent,laguindingan,sipalay city
post,brownout,urgent,dinas,naga city
post,health,urgent,santa maria,villaba
post,road,not urgent,laua-an,mataasnakahoy
post,health,urgent,currimao,catubig
post,rain,not urgent,lezo,kalawit
post,health,not urgent,bato,san dionisio
post,health,urgent,las nieves,lamut
post,brgy,not urgent,jaen,las piñas city
post,rain,not urgent,sibagat,san pablo
post,rescue,not urgent,dumanjug,guihulngan city
post,wind,not urgent,tayasan,meycauayan city
post,road,urgent,sinacaban,san miguel
post,brownout,not urgent,dinas,currimao
post,fire,urgent,currimao,tinoc
post,road,not urgent,pantao ragat,santa cruz
post,health,urgent,panaon,banna
post,ebro,not urgent,pansol,bucay
post,brownout,not urgent,molave,paracale
post,health,not urgent,catanauan,naga, ctiy
post,earthquake,not urgent,south ubian,poona bayabao
post,fire,not urgent,lugus,pastrana
post,bridge,urgent,bingawan,san jose
post,road,not urgent,adams,kalawit
post,relief,not urgent,babatngon,bugho
post,earthquake,urgent,tangalan,concepcion
post,rain,not urgent,san felipe,dinalupihan
post,bridge,not urgent,gattaran,sinacaban
post,evac,not urgent,bulu,bao,,naga city
post,brgy,not urgent,la paz,san francisco
post,relief,urgent,catigbian,camalaniugan
post,accident,not urgent,mahatao,laua-an
post,fire,urgent,mangudadatu,currimao
post,health,urgent,cubay,guihulngan city
post,health,urgent,lopez,jaena,libon
post,brgy,not urgent,san narciso,bayag
post,brownout,not urgent,amlan,san pascual
post,brgy,urgent,san jose,hinoba-an
post,fire,not urgent,pantukan,wao
post,relief,urgent,angeles city,hermosa
post,bridge,urgent,pandag,prosperidad
post,road,not urgent,rosario,koronadal city
post,earthquake,not urgent,omar,san policarpo
post,road,not urgent,imelda,halapitan
post,flood,not urgent,laak,san isidro
post,health,not urgent,mataasnakahoy,san miguel
post,brgy,urgent,montalban,corcuera
post,relief,urgent,governor generoso,pinamalayan
post,earthquake,urgent,buruanga,basco
post,earthquake,urgent,sabtang,daet
post,flood,not urgent,orion,diadi
post,rescue,urgent,lucban,maimbung
post,relief,not urgent,luba,san juan
post,flood,urgent,natividad,ampatuan
post,bridge,urgent,san carlos city,toledo city
post,flood,not urgent,monreal,pilar
post,bridge,urgent,san vicente,palompon
post,road,not urgent,calo,oyan, citycanta cruz
post,flood,urgent,cebu city,capas
post,evac,not urgent,manticao,dingle
post,fire,urgent,pipian,santa maria
post,rescue,not urgent,palimbang,mendez,-nuã‘ez
post,road,not urgent,sapi-an,san manuel
post,health,not urgent,president quirino,san enrique
post,rain,not urgent,bataraza,milagros
post,fire,not urgent,san jose,don marcelino
post,wind,urgent,camalaniugan,matungao
post,flood,not urgent,alburquerque,pata
post,earthquake,not urgent,payo,santa maria
post,brgy,not urgent,pandi,hermosa
post,fire,urgent,concepcion,sugpon
post,accident,urgent,marikina city,lumbatan
post,ora,not urgent,asug,panilao,ag cxty
post,evac,urgent,balingasag,imelda
post,flood,urgent,sevilla,santa josefa
post,bridge,urgent,cotabato city,balatan
post,flood,urgent,general city,marcos
post,flood,urgent,santa cruz,quezon
post,rescue,urgent,imelda,agutaya
post,flood,urgent,cagayan de oro city,sierra bullones
post,fire,not urgent,taytay,hinunangan
post,flood,urgent,dumanjug,albor
post,road,urgent,infanta,caramoan
post,health,not urgent,villaba,baloi
post,fire,not urgent,muntinlupa city,sominot
post,earthquake,not urgent,maria,himamaylan city
post,road,urgent,rizal,datu saudi-ampatuan
post,evac,not urgent,bato,lupa,yan
post,brgy,not urgent,balatan,mawab
post,landslide,not urgent,leon,santa, city
post,brgy,urgent,san juan,omar
post,brgy,urgent,mondragon,estancia
post,evac,not urgent,cavinti,biri
post,landslide,urgent,laak,doña alicia
post,fire,urgent,panaon,santiago
post,brgy,urgent,pidigan,kalawit
post,evac,urgent,siruma,alipao
post,relief,not urgent,karomatan,initao
post,landslide,urgent,barobo,san remigio
post,brgy,not urgent,sibagat,cabagan
post,rescue,urgent,sierra bullones,mati city
post,fire,not urgent,barobo,dauin
post,flood,urgent,coron,santa fe
post,health,not urgent,naga city,bucay
post,flood,urgent,prosperidad,binalonan
post,earthquake,urgent,datu hoffer ampatuan,san quintin
post,health,urgent,dolores,amadeo
post,rescue,not urgent,bais city,bacong
post,bridge,not urgent,pagbilao,san isidro
post,rescue,not urgent,batangas city,baliuag
post,health,not urgent,zaragoza,tayug
post,flood,not urgent,banza,ditsaan-ramain
post,landslide,not urgent,ditsaan-ramain,san fernando city
post,relief,urgent,guindulungan,rizal
post,earthquake,not urgent,cagayancillo,buadiposo-buntong
post,relief,not urgent,macalelon,garcia hernandez
post,rescue,not urgent,ternate,tayabas city
post,health,urgent,cagayan de oro city,san vicente
post,landslide,not urgent,capas,alegria
post,brgy,urgent,bayabas,mambusao
post,relief,urgent,lumba-bayabao,badian
post,flood,not urgent,davao city,maguing
post,evac,urgent,morong,san fernando
post,wind,urgent,bagac,mulondo
post,bridge,not urgent,ponso,liki,bawe
post,evac,urgent,batuan,malvar
post,flood,not urgent,santiago,carasi
post,evac,not urgent,boston,san carlos city
post,earthquake,urgent,kalawit,san vicente
post,rescue,urgent,san simon,san isidro
post,brgy,not urgent,bula,natividad
post,pian,urgent,licuan-baay,tabango
post,rescue,urgent,coron,naga
post,brownout,urgent,kibawe,la libertad
post,brgy,not urgent,tampakan,passi city
post,rain,not urgent,tandag city,pililla
post,accident,urgent,cortes,ubay,yag
post,brownout,urgent,luba,mati city
post,earthquake,urgent,ponot,san guillermo
post,health,urgent,concepcion,san vicente
post,fire,margen,malabon,baguio city
post,health,not urgent,hungduan,torrijos
post,evac,not urgent,cabugao,dolores
post,ora,not urgent,meycauayan city,san rafael
post,rescue,not urgent,san andres,t'boli
post,health,not urgent,tumauini,sulop
post,bridge,urgent,bombon,patikul
post,earthquake,not urgent,roxas,bato
post,brgy,not urgent,masbate city,patnongon
post,earthquake,not urgent,calamba city,tuguegarao city
post,flood,urgent,santa magdalena,mexico
post,rain,virgen,torrijos,pililla
post,fire,not urgent,kasibu,tinglayan
post,wind,urgent,talitay,trinidad
post,fire,urgent,la paz,batuan
post,fire,urgent,bulalacao,mataasnakahoy
post,rescue,urgent,carmona,rosario
post,evac,not urgent,naic,talisay, cpity
post,earthquake,not urgent,pe??aranda,paranas
post,flood,not urgent,paoay,dupax del norte
post,brgy,urgent,bagac,tabuk city
post,relief,not urgent,tubod,sudipen
post,brownout,not urgent,bobon,sual
post,oac,pide,not urgent,samal,anegles city
post,road,not urgent,nagcarlan,general, city
post,rain,urgent,concepcion,santa josefa
post,brownout,not urgent,san joaquin,tudela
post,not urgent,basista,san guillermo
post,ura,linao,not urgent,sipalay city,,laurel
post,not urgent,pilar,banaue
post,evac,urgent,natimonan,angeles city
post,accident,urgent,boston,san simon
post,rain,urgent,enrique villanueva,zamboanga city
post,accident,not urgent,santa margarita,sierra bullones
potot,relief,not urgent,moises padilla,lucena city
post,bridge,not urgent,dauin,tanay
post,bridge,not urgent,kabankalan city,malalag
post,brownout,urgent,ma-ayon,motiong
post,evac,urgent,bongabong,bayang
post,rain,not urgent,catubig,gingoog city
post,road,urgent,pasacao,pililla
post,evac,urgent,alegria,gitagum
post,relief,urgent,suyo,ginatilan
post,wind,not urgent,tudela,marcos
post,wind,not urgent,baloi,mabalacat city
post,relief,urgent,banaue,santo domingo
post,relief,urgent,tinoc,anao-aon
post,road,not urgent,alburquerque,gubat
post,rain,urgent,siruma,villaverde
post,ura,not urgent,hermosa,orion
post,brgy,not urgent,lal-lo,t'boli
post,accident,not urgent,looc,navotas city
post,health,urgent,baliguian,guinsiliban
post,earthquake,urgent,mabuhay,talisay
post,landslide,not urgent,hilongos,buug
post,wind,urgent,tacloban city,rosario
post,rescue,not urgent,tabaco city,tampakan
post,brgy,not urgent,basilisa,san jacinto
post,landslide,urgent,paracale,vinzons
post,landslide,not urgent,buluan,vinzons
post,rescue,urgent,maasin city,new lucena
post,pian,urgent,dupax del norte,lagawe
post,rain,urgent,natividad,muñoz city
post,accident,not urgent,bindoy,amadeo
post,fire,urgent,bangued,pe??aranda
post,flood,urgent,san jose,cabadbaran city
post,flood,not urgent,aglipay,san isidro
post,landslide,urgent,liargo,aleosan
post,brgy,urgent,floridablanca,santa ana
post,brgy,urgent,isabela city,gandara
post,health,not urgent,escalante city,bitulok & sabani
post,not urgent,san carlos city,manaoag
post,fire,not urgent,cebu city,dinagat
post,bridge,not urgent,urdaneta city,banna
post,rain,not urgent,valencia city,malilipot
post,rescue,not urgent,barugo,janiuay
post,landslide,urgent,veruela,hermosa
post,brgy,not urgent,amadeo,cagwait
post,earthquake,not urgent,bagac,buenavista
post,accident,urgent,m'lang,catbalogan city
post,bridge,urgent,pangil,parang
post,road,urgent,lutayan,mulondo
post,road,not urgent,san pablo,kidapawan city
post,brownout,urgent,lucena city,calintaan
post,fire,not urgent,mahinog,barcelona
post,flood,not urgent,agoncillo,calbayog city
post,accident,not urgent,mabini,cebu city
post,earthquake,urgent,cordova,san carlos city
post,accident,not urgent,libertad,kidapawan city
post,wind,urgent,quezo city,norala
post,health,urgent,kibawe,infanta
post,bridge,not urgent,talaingod,bongabong
post,road,not urgent,cabagan,magsaysay
post,brownout,urgent,santiago,cabagan
post,wind,not urgent,santa rita,alaminos
post,flood,not urgent,sultan kudarat,valencia
post,health,urgent,san benito,kapatagan
post,bridge,urgent,baler,kasibu
post,flood,urgent,tanjay city,initao
post,flood,urgent,banna,president roxas
post,rescue,not urgent,sibutad,basilisa
post,road,not urgent,san carlos city,floridablanca
post,bridge,urgent,libon,otoc,matnog
post,bridge,urgent,calatagan,bago city
apo,accident,urgent,pikit,el salvador city
post,bari,not urgent,pozorrubio,bakun
post,flood,urgent,dipaculao,panglima sugala
post,fire,not urgent,dumalag,talitay
post,earthquake,not urgent,alaminos,cabatuan
post,brownout,not urgent,bumbaran,sual
post,relief,urgent,atimonan,buenavista
post,rescue,urgent,siruma,liloan
post,landslide,urgent,san isidro,maganoy
post,relief,not urgent,san vicente,potia
post,bridge,urgent,titay,bayang
post,relief,urgent,san miguel,biliran
post,bridge,not urgent,malinao,floridablanca
post,landslide,not urgent,matnog,larena
post,road,not urgent,montalban,jimalalud
post,earthquake,not urgent,magdalena,guimba
post,landslide,urgent,zumarraga,ubao
post,rain,not urgent,mangudadatu,buruanga
post,landslide,not urgent,hinatuan,masantol
post,bridge,not urgent,bugasong,bacolod
post,bridge,urgent,rizal,kabuntalan
post,wind,urgent,bacoor city,lal-lo
post,rescue,urgent,cavinti,barugo
post,accident,not urgent,rizal,tampilisan
post,accident,urgent,lianga,pinamalayan
post,brownout,urgent,laak,al-barka
post,relief,urgent,san mateo,sallapadan
post,brownout,not urgent,malolos city,poro
post,health,urgent,passi city,balangiga
post,earthquake,not urgent,languyan,san jose city
post,relief,not urgent,tobias fornier,tibiao
post,rescue,not urgent,quezon city,cagwait
post,rescue,not urgent,balungao,datu saudi-ampatuan
post,flood,not urgent,santa maria,mariano marcos
post,brgy,not urgent,imelda,ponot
post,fire,not urgent,san miguel,ronda
post,brownout,not urgent,concepcion,san nicolas
post,brownout,not urgent,caoayan,sen. ninoy aquino
post,rescue,urgent,piat,la paz
ponot,brownout,urgent,magallanes,licuan-baay
post,brownout,urgent,bataraza,parang
post,fire,not urgent,liwan,dauin
post,health,urgent,guiuan,la libertad
post,earthquake,urgent,alabel,pugo
post,evac,not urgent,camalaniugan,roxas
post,rescue,urgent,dimataling,san jose city
post,rain,urgent,carmen,libertad
post,brownout,urgent,valenzuela city,gapan, ciyt
post,evac,not urgent,upi,ilagan city
post,earthquake,urgent,banaue,dumalag
post,relief,not urgent,lumbatan,echague
post,rescue,urgent,himamaylan city,san pascual
post,landslide,urgent,maitum,urdaneta city
post,fire,urgent,maramag,san agustin
post,bridge,urgent,old panamao,ubao
post,relief,urgent,bagulin,baguio city
post,landslide,not urgent,salay,ampayon
post,relief,not urgent,san isidro,malolos city
post,evac,not urgent,calauan,llamera
post,wind,not urgent,pipil,bauan
post,rain,not urgent,toboso,san antonio
post,bridge,not urgent,lucban,valladolid
post,earthquake,urgent,calamba city,sominot
post,earthquake,urgent,pangil,libungan
post,earthquake,urgent,new lucena,t'boli
post,earthquake,not urgent,san fernando,santo domingo
post,bridge,not urgent,calamba,casiguran
post,rain,not urgent,angono,balete
post,earthquake,not urgent,siasi,dapitan city
post,landslide,not urgent,navotas city,san miguel
post,evac,not urgent,mondragon,delfin albano
post,brgy,not urgent,mabini,sanchez-mira
post,fire,not urgent,rizal,canaman
post,landslide,urgent,dapitan city,guinayangan
post,health,urgent,san ildefonso,san miguel
post,evac,not urgent,bacnotan,vigan city
post,brgy,not urgent,pandan,benito soliven
post,evac,not urgent,pandan,valenzuela city
post,brgy,urgent,donsol,santa,pcruz
post,road,not urgent,hinatuan,santa rosa
post,accident,not urgent,president quirino,rapu-rapu
post,wind,not urgent,general nakar,san agustin
post,rescue,not urgent,patnongon,josefina
post,road,not urgent,talayan,dapa
post,evac,not urgent,lope de vega,lianga
post,wind,not urgent,tuguegarao city,sultan kudarat
post,rescue,not urgent,batuan,buadiposo-buntong
post,evac,not urgent,isabel,calantawan
post,gurain,urgent,batangas city,calamba
post,bridge,not urgent,malolos city,lumbaca-unayan
post,not urgent,echague,panaon
post,fire,urgent,san pascual,marabut
post,evac,urgent,janiuay,sibagat
post,relief,not urgent,trinidad,jaen
post,flood,not urgent,jipapad,tago
post,road,urgent,imus city,calapan city
post,brgy,not urgent,la carlota city,mati city
post,accident,urgent,paracale,sibonga
post,road,not urgent,monreal,daet
post,flood,urgent,bagulin,cortes
post,wind,urgent,buruanga,mobo
post,rain,not urgent,liargo,polanco
post,accident,not urgent,president roxas,aparri
post,wind,urgent,san pascual,tobias fornier
post,fire,urgent,dapitan city,san isidro
post,landslide,not urgent,guihulngan city,kolambugan
post,road,not urgent,tapul,bakun
post,brownout,not urgent,polillo,mabuhay
post,road,urgent,candoni,manila city
post,landslide,not urgent,borongan city,caramoan
post,bridge,urgent,tuba,zumarraga
post,relief,urgent,urdaneta city,dolores
post,flood,not urgent,sabtang,las piñas city
post,fire,urgent,san fernando city,cagwait
post,road,urgent,mangaldan,ubay
post,flood,urgent,lamitan city,bauko
post,evac,urgent,gutalac,initao
post,flood,urgent,puerto city,badian
post,fire,not urgent,compostela,alaminos
post,not urgent,delfin albano,langa,duyan
